2020-12-25 01:36:11.690 +00:00 [VRB] Started SANS Holiday Hack, December 2020
2020-12-25 01:36:11.708 +00:00 [VRB] Using CTF runner 0.1.0-alpha.18
2020-12-25 01:36:11.710 +00:00 [VRB] Running challange UnescapeTmux
2020-12-25 01:36:11.711 +00:00 [INF] Run tmux attach 

                ..............................'.''''''.'''''''''''''
                .........................................'''''''''''
                ................................,:lccc:;,'...'''''''
                .............................';loodxkkxxdlc;'..'''''
                ............................,:ccllcldx0dxxdoc..'''''
                ...........................;ccclooodkOkok0OOx:..''''
                .........................':cccllodxxkkkOkxdxx;....''
                ........................,cccllooddxkOOOkOxoo'.....''
                ......................';:cclllccllodO0Okkkx;...'''..
                .....................:llollclclccccclokc::'.........
                ...................;ddollllllllcccccccl;............
                ..................:xdooddoooolclllllolld;...........
                .................'xxoodxxxdoooooooxkdooox'..........
                .................,xxkxdxkkxxdddddddxkkxdxl....'.....
                .................'xOkooddxkkxxdddxxkkxxxxx'.......'.
                ..................oOkddxkkkkdxxdddxxxxxxdd:......'.'
                .................';k0xxkxxOxdddddoodxdxkkx:....'''''
                ................'',o0xdddxkxdxdodddddkkkxxc....'''''
                ................',,:OK0kkOOxddddxxxddxxkxd:'''''''''
                .............',;:cccdKXKOkkOOxkxdxxxxxxkOx;'''''''''
                ...........:oxdddxkkxOXXOxxkxxkkkkkkkxxdxx,,''''''''
                .......''':c:,..'coodOO00OOOO00kxOkK0KkO0d,,''''''''
                ...;cllc::clddooddOkxoccccccloddxxO0KK0KKOc:;,''''''
                'ldolcc:::lldxkOxkO000OOOOkkxxdddxoooooooooodxxxddol
                xxlcc:::::xolldddxOOdddxxxkkOOO0000000xkOkkxddoooooo
                lo:::cccc::ldoodooxd,;lxxkkO0OOOOOOOOOOOOOO000000000
                locclccccccccldkxdkk:,;cdxkOKXXXKKKKKXXKk::::cllodxk
                xxollllcccllcodkOkO0:,,,:dkOOKKXXXKKKXXKl,,'''''''''
                xxkolllllllllodkO0KO;,,,;;lxO00KKXKKKKK0c;,,,,,,,,,,
                ,dxxxdoooollodxk0KOolc:::::cdO00KK00K000c;,,,,,,,,,;
                ..:xkOOkdoxxkOO0OxoooooolooodxOO00Ok0kk0oc:;;;;;;;;;
                ....:dkOddOO0OkdoolllllloooddxOOOOOkkkkOdllccccccccc

                You found her! Thank you!!!
            
2020-12-25 01:36:11.713 +00:00 [VRB] Challenge UnescapeTmux completed
