2020-12-25 12:04:51.710 +00:00 [VRB] Started SANS Holiday Hack, December 2020
2020-12-25 12:04:51.729 +00:00 [VRB] Using CTF runner 0.1.0-alpha.18
2020-12-25 12:04:51.731 +00:00 [VRB] Running challange SortOMatic
2020-12-25 12:04:51.732 +00:00 [INF] 1.Matches at least one digit
[0-9]
2020-12-25 12:04:51.732 +00:00 [INF] 2.Matches 3 alpha a-z characters ignoring case
[A-Za-z][A-Za-z][A-Za-z]
2020-12-25 12:04:51.732 +00:00 [INF] 3. Matches 2 chars of lowercase a-z or numbers
[0-9a-z][0-9a-z]
2020-12-25 12:04:51.733 +00:00 [INF] 4. Matches any 2 chars not uppercase A-L or 1 - 5
[A-L1-5]
2020-12-25 12:04:51.733 +00:00 [INF] 5. Matches three or more digits only

2020-12-25 12:04:51.733 +00:00 [INF] 6. Matches multiple hour:minute: second time formats only

2020-12-25 12:04:51.733 +00:00 [INF] 7. Matches MAC address format only while ignoring case. https://ihateregex.io/expr/mac-address/
^[a-fA-F0-9]{2}(:[a-fA-F0-9]{2}){5}$
2020-12-25 12:04:51.734 +00:00 [INF] 8. Matches multiple day, month, and year date formats only. 
Create a regular expression that only matches one of the three following day, month, and four digit year formats:

                10/01/1978
                01.10.1987
                14-12-1991

                However, the following values would be invalid formats:
                05/25/89
                12-32-1989
                01.1.1989
                1/1/1

                Use anchors or boundary markers to avoid matching other surrounding strings.

2020-12-25 12:04:51.734 +00:00 [VRB] Challenge SortOMatic completed
