2020-12-25 13:31:58.794 +00:00 [VRB] Started SANS Holiday Hack, December 2020
2020-12-25 13:31:58.812 +00:00 [VRB] Using CTF runner 0.1.0-alpha.18
2020-12-25 13:31:58.814 +00:00 [VRB] Running challange LinuxPremier
2020-12-25 13:31:58.815 +00:00 [INF] Linux Premier

                The North Pole 🍭 Lollipop Maker:
                All the lollipops on this system have been stolen by munchkins. Capture munchkins by following instructions here and 🍭's will appear in the green bar below. Run the command "hintme" to receive a hint.
            
2020-12-25 13:31:58.816 +00:00 [INF] Complete challenge by typing following commands

yes
ls
cat munchkin_19315479765589239 
rm munchkin_19315479765589239
pwd
ls -a
cat .bash_history
set
cd workshop/
grep -i munch *.txt
chmod +x lollipop_engine
./lollipop_engine
cd electrical/
mv blown_fuse0 fuse0

               
            
2020-12-25 13:31:58.818 +00:00 [INF] A munchkin is blocking the lollipop_engine from starting. Run the lollipop_engine binary to retrieve this munchkin.
chmod +x lollipop_engine
./lollipop_engine
2020-12-25 13:31:58.825 +00:00 [VRB] Challenge LinuxPremier completed
