2020-12-26 00:51:44.695 +00:00 [VRB] Started SANS Holiday Hack, December 2020
2020-12-26 00:51:44.712 +00:00 [VRB] Using CTF runner 0.1.0-alpha.18
2020-12-26 00:51:44.714 +00:00 [VRB] Running challange SpeakerUNPrep
2020-12-26 00:51:44.715 +00:00 [INF] ---t is light?, hin--- is hin---

                The speaker unpreparedness room sure is dark, you're thinking (assuming
                you've opened the door; otherwise, you wonder how dark it actually is)

                You wonder how to turn the lights on? If only you had some kind of hin---

                    >>> CONFIGURATION FILE LOADED, SELECT FIELDS DECRYPTED: /home/elf/lights.conf

                ---t to help figure out the password... I guess you'll just have to make do!

                The terminal just blinks: Welcome back, elf-technician

                What do you enter? > light
                Checking......
                Beep boop invalid password
            
2020-12-26 00:51:44.716 +00:00 [INF] cat /home/elf/lights.conf

                password: E$ed633d885dcb9b2f3f0118361de4d57752712c27c5316a95d9e5e5b124
                name: elf-technician
            
2020-12-26 00:51:44.716 +00:00 [INF] strings lights

                PermissionDeniedAddrNotAvailableconnection resetentity not foundalready borrowed$
                passwordlightson
                    (bytes Overflowextern "overflowNotFoundTimedOut
                NulErrorBox<Any> thread 'expected, found F
                E$Invalid nonce value!
                ERROR: Could not load Badly formatted line(expected: "key: value"): Failed to parse key `lights.confnamethe NoneSome <= Zero    __ZNshim as u128i128charboolmut for< ->dyn
                mainkindcodeKindfull /
                at < no name provided > The speaker unpreparedness room sure is dark, you're thinking (assuming
                you've opened the door; otherwise, you wonder how dark it actually is)
                You wonder how to turn the lights on ? If only you had some kind of hin-- -

                >>> CONFIGURATION FILE LOADED, SELECT FIELDS DECRYPTED: ---t to help figure out the password... I guess you'll just have to make do!
                The terminal just blinks: Welcome back, What do you enter? > Lights on!
                That would have turned on the lights!
                If you've figured out the real password, be sure you run Beep boop invalid password
                Couldn't read config file: Password is missing from config file!
                src / liballoc / raw_vec.rscapacity overflowFromUtf8Errorbytesa formatting trait implementation returned an error / usr / src / rustc - 1.41.1 / src / libcore / fmt / mod.rsstack backtrace:
                            -
                            cannot panic during the backtrace function / usr / src / rustc - 1.41.1 / vendor / backtrace / src / lib.rsSomething went wrong: Checking...Something went wrong reading input: Something went wrong in the environment: couldn't get the executable name
                Something went wrong in the environment: Something went wrong in the environment: couldn't get the configuration file
                Something went wrong getting the parent directory
                RESOURCE_IDThe error message is: ask for help!
                or su or some other process that alters the environment.If this persists, please
                    environmental variable is missing - that can happen if you're using sudo
                There is something wrong with your environment; the most likely reason is that
                Something went wrong, please try again and report if this persists: a Display implementation returned an error unexpectedly00000000 - 0000 - 4000 - 0000 - 000000000000WARNING: The RESOURCE_ID is 00000000 - 0000 - 4000 - 0000 - 000000000000 - be sure to use a real one in production!
                resource_id is not a valid uuidv4! It's vresource_id is not a valid uuid (Couldn't get resource_id from the environmental variable ", "action": "00010203040506070809101112131415161718192021222324252627282930313233343536373839404142434445464748495051525354555657585960616263646566676869707172737475767778798081828384858687888990919293949596979899
                invalid utf-8 sequence of  bytes from index incomplete utf - 8 byte sequence from index[...] src/ libcore / str / mod.rsbyte index is not a char boundary; it is inside ) of `begin <= end( is out of bounds of `Utf8Errorvalid_up_toerror_lenParseIntErrorEmptyInvalidDigitUnderflowsrc / libcore / slice / mod.rs
                        ./?\]_
                )147:;= IJ]
                )14:; EFIJ ^ de
                )EIWde
                EIde
                INOWY ^ _
                FGNOXZ\^~
                / _ &./
                NOZ[
                no7 =? BE
                % _ m
                ';>NO
                        6=>V
                67VW
                )14:EFIJNOdeZ\
                ;> fi
                :?EQ
                "%>?
                    #%&(38:HJLPSUVXZ\^`cefksx}
                no ^ "{
                PI73
                G       '       u
                8889
                index  out of range for slice of length slice index starts at  but ends at src / libcore / result.rsattempted to index slice up to maximum usizesrc / libcore / fmt / mod.rssrc / libcore / option.rsErrorsrc / libcore / str / pattern.rs {
                                { } (
                                src / libcore / unicode / bool_trie.rsindex out of bounds: the len is g
                                        [assertion failed: PAGE_SIZE != 0failed to initiate panic, error  but the index is BorrowErrorBorrowMutError
                                        assertion failed: broken.is_empty()src / libcore / str / lossy.rsHash table capacity overflow / usr / src / rustc - 1.41.1 / vendor / hashbrown / src / raw / mod.rs
                                        Odd number of digitsInvalid character  at position Invalid string lengthInvalidStringLengthInvalidHexCharactercindexOddLengthdescription() is deprecated; use Display
                / root /.cargo / registry / src / github.com - 1ecc6299db9ec823 / hex - 0.4.2 / src / lib.rsattempt to divide by zero/ usr / src / rustc - 1.41.1 / src / libcore / slice / mod.rs_ZNZN_$SPBPRFLTGTLPRP @_RR__R?[]::{
                                closure:#}::<>, usizeu64u32u16u80x_'...!f64f32isizei64i32i16i8()str&*const ; (,> Cunsafe -" fn( +  = punycode{/usr/src/rustc-1.41.1/vendor/rustc-demangle/src/v0.rs.llvm./root/.cargo/registry/src/github.com-1ecc6299db9ec823/salsa20-core-0.2.3/src/lib.rs/root/.cargo/registry/src/github.com-1ecc6299db9ec823/block-buffer-0.9.0/src/lib.rsassertion failed: end <= lensrc/libstd/sys/unix/stack_overflow.rsfailed to allocate an alternative stackstack overflowfailed to get environment variable `src/libstd/env.rsstream did not contain valid UTF-8fatal runtime error: 
                thread '' has overflowed its stack
                                                    environment variable was not valid unicode: environment variable not foundOnce instance has previously been poisonedassertion failed: state_and_queue & STATE_MASK == RUNNINGsrc / libstd / sync / once.rs..src / libstd / path.rsuse of std::thread::current() is not possible after the thread's local data has been destroyedsrc/libstd/thread/mod.rsinconsistent state in unparkinconsistent park statepark state changed unexpectedlythread name may not contain interior null bytesfailed to generate unique thread ID: bitspace exhausteddata provided contains a nul byteCustomUnexpectedEofConnectionRefusedConnectionResetConnectionAbortedNotConnectedAddrInUseBrokenPipeAlreadyExistsWouldBlockInvalidInputInvalidDataWriteZeroInterruptedOthererrorOsmessagefailed to write the buffered dataother os erroroperation interruptedwrite zerotimed outinvalid datainvalid input parameteroperation would blockentity already existsbroken pipeaddress not availableaddress in usenot connectedconnection abortedconnection refusedpermission deniedunexpected end of file (os error )assertion failed: queue != DONEsrc/libstd/sys_common/at_exit_imp.rs/dev/urandomfailed to open /dev/urandomfailed to read /dev/urandomsrc/libstd/sys/unix/rand.rsunexpected getrandom error: src/libstd/sys/unix/mod.rsassertion failed: signal(libc::SIGPIPE, libc::SIG_IGN) != libc::SIG_ERRcannot access stdin during shutdowncannot access stdout during shutdowncannot access stderr during shutdownstdoutsrc/libstd/io/stdio.rsfailed printing to stderrPoisonError { inner: .. }`: <::core::macros::panic macros>Tried to shrink to a larger capacityalready mutably borrowedAccessErrorcannot access a Thread Local Storage value during or after destructionsrc/libstd/sync/condvar.rsattempted to use a condition variable with two mutexessrc/libstd/sys_common/thread_info.rsassertion failed: c.borrow().is_none()assertion failed: key != 0src/libstd/sys/unix/thread_local.rsinvalid utf-8src/libstd/sys/unix/condvar.rs"
                                                    \x__rust_begin_short_backtrace / usr / src / rustc - 1.41.1 / src / libcore / str / pattern.rsformatter errorfailed to write whole bufferRUST_BACKTRACE0note: Some details are omitted, run with `RUST_BACKTRACE = full` for a verbose backtrace.
                                                                    < unknown >.memory allocation of  bytes failed
                                                                    attempt to calculate the remainder with a divisor of zerosrc / libstd / sys / unix / thread.rsinternal error: entered unreachable codesrc / libstd / sys / unix / fs.rscalled `Result::unwrap()` on an `Err` valuesrc / libstd / sys / unix / os.rsstrerror_r failure`/ proc / self / exeno / proc / self / exe available.Is / proc mounted ? failed to fill whole bufferrwlock maximum reader count exceededrwlock read lock would result in deadlockthread panicked while panicking.aborting.
                                                                                                        < unnamed > note: run with `RUST_BACKTRACE = 1` environment variable to display a backtrace.
                ' panicked at '', 
                                                    thread panicked while processing panic.aborting.
                                                    src / libstd / sys / unix / rwlock.rsassertion failed: `(left == right)`
                    left: ``,
                    right: `urn: uuid: called `Option::unwrap()` on a `None` value
                                                    0123456789abcdefABCDEF -/ root /.cargo / registry / src / github.com - 1ecc6299db9ec823 / uuid - 0.8.1 / src / parser / mod.rs / usr / src / rustc - 1.41.1 / src / libcore / macros / mod.rsinvalid group lengthinvalid number of groupsinvalid characterinvalid length an optional prefix of `urn: uuid:` followed byexpected  in group one of: invalid bytes length: expected / proc / curproc / file
                                                                                        / proc / self / exe
                                                                                        / proc /% ld / object / a.out
                failed to read executable information
                libbacktrace could not find executable to open
                                                    close
                                                    backtrace library does not support threads
                                                    no debug info in ELF executable
                                                    no symbol table in ELF executable
                .debug_info
                executable file is not ELF
                ELF section name out of range
                .note.gnu.build - id
                .gnu_debuglink
                .opd
                / usr / lib / debug /.build - id /
                .debug /
                / usr / lib / debug /
                fstat
                                                    executable file is unrecognized ELF version
                                                    executable file is unexpected ELF class
                                                    executable file has unknown endianness
                ELF symbol table strtab link out of range
                symbol string index out of range
                    n;^
                Qkkbal
                i]Wb
                9a&g
                MGiI
                wn>Jj
                #.zf
                +o*7
                .debug_line
                .debug_abbrev
                .debug_ranges
                .debug_str
                .zdebug_info
                .zdebug_line
                .zdebug_abbrev
                .zdebug_ranges
                .zdebug_str
                malloc
                realloc
                %s in %s at %d
                invalid abbreviation code
                DWARF underflow
                unrecognized address size
                LEB128 overflows uint64_t
                signed LEB128 overflows uint64_t
                DW_FORM_strp out of range
                unrecognized DWARF form
                ranges offset out of range
                abstract origin or specification out of range
                invalid abstract origin or specification
                invalid file number in DW_AT_call_file attribute
                function ranges offset out of range
                unit line offset out of range
                unsupported line number version
                invalid directory index in line number program header
                invalid directory index in line number program
                invalid file number in line number program
                unrecognized DWARF version
                abbrev offset out of range
                lseek
                read
                file too short
                ;*3$"
                zPLR
                "#$%&
                ,-./0
                >?@ABCDEF
                GCC: (Debian 8.3.0-6) 8.3.0
                .shstrtab
                .interp
                .note.ABI-tag
                .note.gnu.build-id
                .gnu.hash
                .dynsym
                .dynstr
                .gnu.version
                .gnu.version_r
                .rela.dyn
                .rela.plt
                .init
                .plt.got
                .text
                .fini
                .rodata
                .eh_frame_hdr
                .eh_frame
                .gcc_except_table
                .tdata
                .tbss
                .init_array
                .fini_array
                .data.rel.ro
                .dynamic
                .data
                .bss
                .comment
                
2020-12-26 00:51:44.796 +00:00 [VRB] Challenge SpeakerUNPrep completed
