2020-12-27 18:58:54.045 +00:00 [VRB] Started SANS Holiday Hack, December 2020
2020-12-27 18:58:54.063 +00:00 [VRB] Using CTF runner 0.1.0-alpha.19
2020-12-27 18:58:54.065 +00:00 [VRB] Running challange SnowballFight
2020-12-27 18:58:54.066 +00:00 [INF] 
8
2020-12-27 18:58:54.068 +00:00 [INF] 
0
2020-12-27 18:58:54.069 +00:00 [INF] 
8
2020-12-27 18:58:54.069 +00:00 [INF] 
4
2020-12-27 18:58:54.069 +00:00 [INF] 
2
2020-12-27 18:58:54.069 +00:00 [INF] 
9
2020-12-27 18:58:54.069 +00:00 [INF] 
2
2020-12-27 18:58:54.070 +00:00 [INF] 
3
2020-12-27 18:58:54.070 +00:00 [INF] 
3
2020-12-27 18:58:54.071 +00:00 [INF] 
9
2020-12-27 18:58:54.071 +00:00 [VRB] Challenge SnowballFight completed
