2020-12-23 00:09:45.466 +00:00 [VRB] Started SANS Holiday Hack, December 2020
2020-12-23 00:09:45.484 +00:00 [VRB] Using CTF runner 0.1.0-alpha.18
2020-12-23 00:09:45.486 +00:00 [VRB] Running challange KringleKiosk
2020-12-23 00:09:45.487 +00:00 [INF] Menu

                ~~~~~~~~~~~~~~~~~~~~~~~~~~~~
                 Welcome to the North Pole!
                ~~~~~~~~~~~~~~~~~~~~~~~~~~~~
                1. Map
                2. Code of Conduct and Terms of Use
                3. Directory
                4. Print Name Badge
                5. Exit


                Please select an item from the menu by entering a single number.
                Anything else might have ... unintended consequences.

                Enter choice [1 - 5] 
            
2020-12-23 00:09:45.487 +00:00 [INF] Map

                 __       _    --------------                                                
                |__)_  _ (_   | NetWars Room |                                               
                | \(_)(_)|    |              |                                               
                              |            * |                                               
                               --------------                                                
                                                                             
                __  __                              __  __                                   
                 _)|_                                _)|_          -------                   
                /__|        Tracks                  __)|          |Balcony|                  
                            1 2 3 4 5 6 7                          -------                   
                 -------    -------------                             |                      
                |Speaker|--| Talks Lobby |                        --------                   
                |Unprep |  |             |                       |Santa's |                  
                 -------    ------       |                       |Office  |                  
                                  |      |                        --    --                   
                                  |     *|                          |  |                     
                                   ------                           |   ---                  
                                                                    |    * |                 
                    __                                               ------                  
                 /||_                                                                        
                  ||                                          __ __           --------       
                  --------------------------              /| |_ |_           |Wrapping|      
                 |        Courtyard         |              |.__)|            |  Room  |      
                  --------------------------                                  --------       
                    |                    |                                       |           
                 ------    --------    ------                          ---    --------       
                |Dining|--|Kitchen |--|Great |                            |--|Workshop|      
                |      |   --------   |      |                            |  |        |      
                | Room |--|      * |--| Room |                            |  |        |      
                |      |  |Entryway|  |      |                            |  |        |      
                 ------    --------    ------                             |  |        |      
                               |                                             | *      |      
                           ----------                                         --------       
                          |Front Lawn|       NOTE: * denotes Santavator                      
                           ----------                                                        
            
2020-12-23 00:09:45.493 +00:00 [INF] Directory

                        Name: Floor: Room:
                        Ribb Bonbowford       1        Dining Room
                        Noel Boetie           1        Wrapping Room
                        Ginger Breddie        1        Castle Entry
                        Minty Candycane       1.5      Workshop
                        Angel Candysalt       1        Great Room
                        Tangle Coalbox        1        Speaker UNPreparedness
                        Bushy Evergreen       2        Talks Lobby
                        Holly Evergreen       1        Kitchen
                        Bubble Lightington    1        Courtyard
                        Jewel Loggins Front Lawn
                        Sugarplum Mary        1        Courtyard
                        Pepper Minstix Front Lawn
                        Bow Ninecandle        2        Talks Lobby
                        Morcel Nougat         2        Speaker UNPreparedness
                        Wunorse Openslae      R NetWars Room
                        Sparkle Redberry      1        Castle Entry
                        Jingle Ringford                NJTP
                        Piney Sappington      1        Castle Entry
                        Chimney Scissorsticks 2        Talks Lobby
                        Fitzy Shortstack      1        Kitchen
                        Alabaster Snowball R        NetWars Room
                        Eve Snowshoes         3        Santa's Balcony
                        Shinny Upatree                 Front Lawn
                        Tinsel Upatree        3        Santa's Office
                
2020-12-23 00:09:45.502 +00:00 [VRB] Challenge KringleKiosk completed
