2020-12-23 00:04:57.154 +00:00 [VRB] Started SANS Holiday Hack, December 2020
2020-12-23 00:04:57.181 +00:00 [VRB] Using CTF runner 0.1.0-alpha.18
2020-12-23 00:04:57.183 +00:00 [VRB] Running challange KringleKiosk
2020-12-23 00:04:57.183 +00:00 [INF] 

                ~~~~~~~~~~~~~~~~~~~~~~~~~~~~
                 Welcome to the North Pole!
                ~~~~~~~~~~~~~~~~~~~~~~~~~~~~
                1. Map
                2. Code of Conduct and Terms of Use
                3. Directory
                4. Print Name Badge
                5. Exit


                Please select an item from the menu by entering a single number.
                Anything else might have ... unintended consequences.

                Enter choice [1 - 5] 
            
2020-12-23 00:04:57.184 +00:00 [INF] 

                 __       _    --------------                                                
                |__)_  _ (_   | NetWars Room |                                               
                | \(_)(_)|    |              |                                               
                              |            * |                                               
                               --------------                                                
                                                                             
                __  __                              __  __                                   
                 _)|_                                _)|_          -------                   
                /__|        Tracks                  __)|          |Balcony|                  
                            1 2 3 4 5 6 7                          -------                   
                 -------    -------------                             |                      
                |Speaker|--| Talks Lobby |                        --------                   
                |Unprep |  |             |                       |Santa's |                  
                 -------    ------       |                       |Office  |                  
                                  |      |                        --    --                   
                                  |     *|                          |  |                     
                                   ------                           |   ---                  
                                                                    |    * |                 
                    __                                               ------                  
                 /||_                                                                        
                  ||                                          __ __           --------       
                  --------------------------              /| |_ |_           |Wrapping|      
                 |        Courtyard         |              |.__)|            |  Room  |      
                  --------------------------                                  --------       
                    |                    |                                       |           
                 ------    --------    ------                          ---    --------       
                |Dining|--|Kitchen |--|Great |                            |--|Workshop|      
                |      |   --------   |      |                            |  |        |      
                | Room |--|      * |--| Room |                            |  |        |      
                |      |  |Entryway|  |      |                            |  |        |      
                 ------    --------    ------                             |  |        |      
                               |                                             | *      |      
                           ----------                                         --------       
                          |Front Lawn|       NOTE: * denotes Santavator                      
                           ----------                                                        
            
2020-12-23 00:04:57.190 +00:00 [VRB] Challenge KringleKiosk completed
