2020-12-28 20:33:50.802 +00:00 [VRB] Started SANS Holiday Hack, December 2020
2020-12-28 20:33:50.822 +00:00 [VRB] Using CTF runner 0.1.0-alpha.21
2020-12-28 20:33:50.825 +00:00 [VRB] Running challange SleighCANDBUS
2020-12-28 20:33:50.826 +00:00 [INF] document.getElementById("can-feed").innerText

                

                Epoch Time    ID  MESSAGE
                1609182521803 244#0000000000
                1609182521903 080#000000
                1609182522005 019#00000000
                1609182522106 188#00000000
                1609182522207 244#0000000000
                1609182522308 080#000000
                1609182522410 019#00000000
                1609182522511 188#00000000
                1609182522612 244#0000000000
                1609182522716 19B#0000000F2057
                1609182522814 080#000000
                1609182522915 019#00000000
                1609182523017 188#00000000
                1609182523117 244#0000000000
                1609182523217 080#000000
                1609182523319 019#00000000
                1609182523420 188#00000000
                1609182523522 244#0000000000
                1609182523623 080#000000
                1609182523724 019#00000000


                1609182626770 19B#0000000F2057
                1609182626870 080#000000
                1609182626973 019#00000000
                1609182627076 188#00000000
                1609182627177 244#0000000000
                1609182627278 080#000000
                1609182627379 019#00000000
                1609182627480 188#00000000
                1609182627582 244#0000000000
                1609182627685 19B#0000000F2057
                1609182627783 080#000000
                1609182627889 019#00000000
                1609182627986 188#00000000
                1609182628087 244#0000000000
                1609182628188 080#000000
                1609182628291 019#00000000
                1609182628393 188#00000000
                1609182628494 244#0000000000
                1609182628595 080#000000
                1609182628697 019#00000000


                STEERING


                1609182811389 019#FFFFFFCF
                1609182811493 188#00000000
                1609182811591 244#00000003ea
                1609182811693 080#000000
                1609182811794 019#FFFFFFD0
                1609182811895 188#00000000
                1609182811996 244#00000003eb
                1609182812098 080#000000
                1609182812198 019#FFFFFFCE
                1609182812299 188#00000000
                1609182812401 244#00000003ed
                1609182812502 080#000000
                1609182812603 019#FFFFFFCD
                1609182812704 188#00000000
                1609182812805 244#00000003e0
                1609182812906 080#000000
                1609182813008 019#FFFFFFCD
                1609182813109 188#00000000
                1609182813211 244#00000003ec
                1609182813312 080#000000

            
2020-12-28 20:33:50.828 +00:00 [INF] 

                Exclude

                19B Equals  0000000F2057
                019 Greater FFFFFFFFFF00
                080 Less    000000000000


                19B Equals  0000000F2057
                188 Equals  000000000000
                080 Equals  000000000000
                244 Equals  000000000000
                080 Less    000000000000


            
2020-12-28 20:33:50.828 +00:00 [INF] First exlude all to see what is wrong

                Exclude 
                244Equals000000000000Click to remove this filter
                080Equals000000000000Click to remove this filter
                188Equals000000000000Click to remove this filter
                019Equals000000000000Click to remove this filter


                Epoch Time    ID  MESSAGE
                1609185100048 19B#0000000F2057
                1609185100251 019#00000000
                1609185100655 019#00000000
                1609185101059 019#00000000
                1609185101464 019#00000000
                1609185104191 19B#0000000F2057
                1609185107522 19B#0000000F2057
                1609185122575 19B#0000000F2057
                1609185126715 19B#0000000F2057
                1609185133280 19B#0000000F2057
                1609185134998 19B#0000000F2057
                1609185140358 19B#0000000F2057
                1609185143286 19B#0000000F2057
                1609185145001 19B#0000000F2057
                1609185145912 19B#0000000F2057
                1609185159350 19B#0000000F2057
                1609185169147 19B#0000000F2057
                1609185173692 19B#0000000F2057
                1609185174600 19B#0000000F2057
                1609185180361 19B#0000000F2057                        


            
2020-12-28 20:33:50.833 +00:00 [INF] Exclude following messages to defrost Sleigh!


                Exlude negative values breaks 
                080 Less    000000000000    

                Exclude bad lock meessage                  
                19B Equals  0000000F2057    

                Exclude bad steering -51 and 50 values are outside steering values
                019 Equals FFFFFFFFFFD0 
                019 Equals 000000000033 

            
2020-12-28 20:33:50.835 +00:00 [VRB] Challenge SleighCANDBUS completed
