2021-01-03 13:12:48.501 +00:00 [VRB] Started SANS Holiday Hack, December 2020
2021-01-03 13:12:48.527 +00:00 [VRB] Using CTF runner 0.1.0-alpha.26
2021-01-03 13:12:48.529 +00:00 [VRB] Running challange BlockchainInvestigationPart2
2021-01-03 13:12:48.530 +00:00 [INF] 

                Wow, it really was all about abusing the pseudo-random sequence!
                I've been thinking, do you think someone could try and cheat the Naughty/Nice Blockchain with this same technique?

                I remember you told us about how if you have control over to bytes in a file, it's easy to create MD5 hash collisions.

                But the nonce would have to be known ahead of time.
                We know that the blockchain works by "chaining" blocks together.
                There's no way you know who could change it without messing up the chain, right Santa?
                I'm going to look closer to spot if any of the blocks have been changed.


                https://github.com/corkami/collisions
                This one is interestring... https://github.com/corkami/collisions#shattered-sha1

            
2021-01-03 13:12:48.532 +00:00 [INF] 
00000000
2021-01-03 13:12:48.532 +00:00 [INF] 
00000001
2021-01-03 13:12:48.532 +00:00 [INF] 
00000002
2021-01-03 13:12:48.532 +00:00 [INF] 
00000003
2021-01-03 13:12:48.532 +00:00 [INF] 
00000004
2021-01-03 13:12:48.532 +00:00 [INF] 
00000005
2021-01-03 13:12:48.532 +00:00 [INF] 
00000006
2021-01-03 13:12:48.533 +00:00 [INF] 
00000007
2021-01-03 13:12:48.533 +00:00 [INF] 
00000008
2021-01-03 13:12:48.533 +00:00 [INF] 
00000009
2021-01-03 13:12:48.533 +00:00 [INF] 
0000000a
2021-01-03 13:12:48.533 +00:00 [INF] 
0000000b
2021-01-03 13:12:48.533 +00:00 [INF] 
0000000c
2021-01-03 13:12:48.534 +00:00 [INF] 
0000000d
2021-01-03 13:12:48.534 +00:00 [INF] 
0000000e
2021-01-03 13:12:48.534 +00:00 [INF] 
0000000f
2021-01-03 13:12:48.534 +00:00 [INF] 
00000010
2021-01-03 13:12:48.534 +00:00 [INF] 
00000011
2021-01-03 13:12:48.534 +00:00 [INF] 
00000012
2021-01-03 13:12:48.534 +00:00 [INF] 
00000013
2021-01-03 13:12:48.534 +00:00 [INF] 
00000014
2021-01-03 13:12:48.535 +00:00 [INF] 
00000015
2021-01-03 13:12:48.535 +00:00 [INF] 
00000016
2021-01-03 13:12:48.535 +00:00 [INF] 
00000017
2021-01-03 13:12:48.535 +00:00 [INF] 
00000018
2021-01-03 13:12:48.535 +00:00 [INF] 
00000019
2021-01-03 13:12:48.535 +00:00 [INF] 
0000001a
2021-01-03 13:12:48.535 +00:00 [INF] 
0000001b
2021-01-03 13:12:48.536 +00:00 [INF] 
0000001c
2021-01-03 13:12:48.536 +00:00 [INF] 
0000001d
2021-01-03 13:12:48.536 +00:00 [INF] 
0000001e
2021-01-03 13:12:48.536 +00:00 [INF] 
0000001f
2021-01-03 13:12:48.536 +00:00 [INF] 
00000020
2021-01-03 13:12:48.536 +00:00 [INF] 
00000021
2021-01-03 13:12:48.538 +00:00 [INF] 
00000022
2021-01-03 13:12:48.602 +00:00 [INF] 
00000023
2021-01-03 13:12:48.605 +00:00 [INF] 
00000024
2021-01-03 13:12:48.612 +00:00 [INF] 
00000025
2021-01-03 13:12:48.612 +00:00 [INF] 
00000026
2021-01-03 13:12:48.613 +00:00 [INF] 
00000027
2021-01-03 13:12:48.620 +00:00 [INF] 
00000028
2021-01-03 13:12:48.640 +00:00 [INF] 
00000029
2021-01-03 13:12:48.641 +00:00 [INF] 
0000002a
2021-01-03 13:12:48.642 +00:00 [INF] 
0000002b
2021-01-03 13:12:48.643 +00:00 [INF] 
0000002c
2021-01-03 13:12:48.643 +00:00 [INF] 
0000002d
2021-01-03 13:12:48.644 +00:00 [INF] 
0000002e
2021-01-03 13:12:48.645 +00:00 [INF] 
0000002f
2021-01-03 13:12:48.646 +00:00 [INF] 
00000030
2021-01-03 13:12:48.652 +00:00 [INF] 
00000031
2021-01-03 13:12:48.672 +00:00 [INF] 
00000032
2021-01-03 13:12:48.673 +00:00 [INF] 
00000033
2021-01-03 13:12:48.675 +00:00 [INF] 
00000034
2021-01-03 13:12:48.676 +00:00 [INF] 
00000035
2021-01-03 13:12:48.676 +00:00 [INF] 
00000036
2021-01-03 13:12:48.677 +00:00 [INF] 
00000037
2021-01-03 13:12:48.678 +00:00 [INF] 
00000038
2021-01-03 13:12:48.679 +00:00 [INF] 
00000039
2021-01-03 13:12:48.680 +00:00 [INF] 
0000003a
2021-01-03 13:12:48.686 +00:00 [INF] 
0000003b
2021-01-03 13:12:48.706 +00:00 [INF] 
0000003c
2021-01-03 13:12:48.707 +00:00 [INF] 
0000003d
2021-01-03 13:12:48.709 +00:00 [INF] 
0000003e
2021-01-03 13:12:48.709 +00:00 [INF] 
0000003f
2021-01-03 13:12:48.710 +00:00 [INF] 
00000040
2021-01-03 13:12:48.711 +00:00 [INF] 
00000041
2021-01-03 13:12:48.712 +00:00 [INF] 
00000042
2021-01-03 13:12:48.715 +00:00 [INF] 
00000043
2021-01-03 13:12:48.720 +00:00 [INF] 
00000044
2021-01-03 13:12:48.721 +00:00 [INF] 
00000045
2021-01-03 13:12:48.722 +00:00 [INF] 
00000046
2021-01-03 13:12:48.723 +00:00 [INF] 
00000047
2021-01-03 13:12:48.725 +00:00 [INF] 
00000048
2021-01-03 13:12:48.727 +00:00 [INF] 
00000049
2021-01-03 13:12:48.727 +00:00 [INF] 
0000004a
2021-01-03 13:12:48.728 +00:00 [INF] 
0000004b
2021-01-03 13:12:48.728 +00:00 [INF] 
0000004c
2021-01-03 13:12:48.729 +00:00 [INF] 
0000004d
2021-01-03 13:12:48.754 +00:00 [INF] 
0000004e
2021-01-03 13:12:48.760 +00:00 [INF] 
0000004f
2021-01-03 13:12:48.761 +00:00 [INF] 
00000050
2021-01-03 13:12:48.763 +00:00 [INF] 
00000051
2021-01-03 13:12:48.764 +00:00 [INF] 
00000052
2021-01-03 13:12:48.766 +00:00 [INF] 
00000053
2021-01-03 13:12:48.766 +00:00 [INF] 
00000054
2021-01-03 13:12:48.767 +00:00 [INF] 
00000055
2021-01-03 13:12:48.768 +00:00 [INF] 
00000056
2021-01-03 13:12:48.768 +00:00 [INF] 
00000057
2021-01-03 13:12:48.769 +00:00 [INF] 
00000058
2021-01-03 13:12:48.770 +00:00 [INF] 
00000059
2021-01-03 13:12:48.771 +00:00 [INF] 
0000005a
2021-01-03 13:12:48.772 +00:00 [INF] 
0000005b
2021-01-03 13:12:48.773 +00:00 [INF] 
0000005c
2021-01-03 13:12:48.773 +00:00 [INF] 
0000005d
2021-01-03 13:12:48.775 +00:00 [INF] 
0000005e
2021-01-03 13:12:48.775 +00:00 [INF] 
0000005f
2021-01-03 13:12:48.777 +00:00 [INF] 
00000060
2021-01-03 13:12:48.808 +00:00 [INF] 
00000061
2021-01-03 13:12:48.811 +00:00 [INF] 
00000062
2021-01-03 13:12:48.811 +00:00 [INF] 
00000063
2021-01-03 13:12:48.812 +00:00 [INF] 
00000064
2021-01-03 13:12:48.813 +00:00 [INF] 
00000065
2021-01-03 13:12:48.819 +00:00 [INF] 
00000066
2021-01-03 13:12:48.820 +00:00 [INF] 
00000067
2021-01-03 13:12:48.821 +00:00 [INF] 
00000068
2021-01-03 13:12:48.821 +00:00 [INF] 
00000069
2021-01-03 13:12:48.822 +00:00 [INF] 
0000006a
2021-01-03 13:12:48.823 +00:00 [INF] 
0000006b
2021-01-03 13:12:48.823 +00:00 [INF] 
0000006c
2021-01-03 13:12:48.825 +00:00 [INF] 
0000006d
2021-01-03 13:12:48.856 +00:00 [INF] 
0000006e
2021-01-03 13:12:48.861 +00:00 [INF] 
0000006f
2021-01-03 13:12:48.862 +00:00 [INF] 
00000070
2021-01-03 13:12:48.863 +00:00 [INF] 
00000071
2021-01-03 13:12:48.864 +00:00 [INF] 
00000072
2021-01-03 13:12:48.864 +00:00 [INF] 
00000073
2021-01-03 13:12:48.865 +00:00 [INF] 
00000074
2021-01-03 13:12:48.866 +00:00 [INF] 
00000075
2021-01-03 13:12:48.867 +00:00 [INF] 
00000076
2021-01-03 13:12:48.867 +00:00 [INF] 
00000077
2021-01-03 13:12:48.868 +00:00 [INF] 
00000078
2021-01-03 13:12:48.868 +00:00 [INF] 
00000079
2021-01-03 13:12:48.869 +00:00 [INF] 
0000007a
2021-01-03 13:12:48.870 +00:00 [INF] 
0000007b
2021-01-03 13:12:48.870 +00:00 [INF] 
0000007c
2021-01-03 13:12:48.871 +00:00 [INF] 
0000007d
2021-01-03 13:12:48.872 +00:00 [INF] 
0000007e
2021-01-03 13:12:48.873 +00:00 [INF] 
0000007f
2021-01-03 13:12:48.902 +00:00 [INF] 
00000080
2021-01-03 13:12:48.905 +00:00 [INF] 
00000081
2021-01-03 13:12:48.907 +00:00 [INF] 
00000082
2021-01-03 13:12:48.908 +00:00 [INF] 
00000083
2021-01-03 13:12:48.908 +00:00 [INF] 
00000084
2021-01-03 13:12:48.909 +00:00 [INF] 
00000085
2021-01-03 13:12:48.909 +00:00 [INF] 
00000086
2021-01-03 13:12:48.910 +00:00 [INF] 
00000087
2021-01-03 13:12:48.911 +00:00 [INF] 
00000088
2021-01-03 13:12:48.912 +00:00 [INF] 
00000089
2021-01-03 13:12:48.913 +00:00 [INF] 
0000008a
2021-01-03 13:12:48.919 +00:00 [INF] 
0000008b
2021-01-03 13:12:48.920 +00:00 [INF] 
0000008c
2021-01-03 13:12:48.939 +00:00 [INF] 
0000008d
2021-01-03 13:12:48.940 +00:00 [INF] 
0000008e
2021-01-03 13:12:48.942 +00:00 [INF] 
0000008f
2021-01-03 13:12:48.942 +00:00 [INF] 
00000090
2021-01-03 13:12:48.943 +00:00 [INF] 
00000091
2021-01-03 13:12:48.944 +00:00 [INF] 
00000092
2021-01-03 13:12:48.945 +00:00 [INF] 
00000093
2021-01-03 13:12:48.946 +00:00 [INF] 
00000094
2021-01-03 13:12:48.946 +00:00 [INF] 
00000095
2021-01-03 13:12:48.953 +00:00 [INF] 
00000096
2021-01-03 13:12:48.974 +00:00 [INF] 
00000097
2021-01-03 13:12:48.975 +00:00 [INF] 
00000098
2021-01-03 13:12:48.976 +00:00 [INF] 
00000099
2021-01-03 13:12:48.977 +00:00 [INF] 
0000009a
2021-01-03 13:12:48.977 +00:00 [INF] 
0000009b
2021-01-03 13:12:48.978 +00:00 [INF] 
0000009c
2021-01-03 13:12:48.979 +00:00 [INF] 
0000009d
2021-01-03 13:12:48.986 +00:00 [INF] 
0000009e
2021-01-03 13:12:49.006 +00:00 [INF] 
0000009f
2021-01-03 13:12:49.008 +00:00 [INF] 
000000a0
2021-01-03 13:12:49.009 +00:00 [INF] 
000000a1
2021-01-03 13:12:49.010 +00:00 [INF] 
000000a2
2021-01-03 13:12:49.010 +00:00 [INF] 
000000a3
2021-01-03 13:12:49.012 +00:00 [INF] 
000000a4
2021-01-03 13:12:49.013 +00:00 [INF] 
000000a5
2021-01-03 13:12:49.014 +00:00 [INF] 
000000a6
2021-01-03 13:12:49.020 +00:00 [INF] 
000000a7
2021-01-03 13:12:49.040 +00:00 [INF] 
000000a8
2021-01-03 13:12:49.042 +00:00 [INF] 
000000a9
2021-01-03 13:12:49.042 +00:00 [INF] 
000000aa
2021-01-03 13:12:49.043 +00:00 [INF] 
000000ab
2021-01-03 13:12:49.043 +00:00 [INF] 
000000ac
2021-01-03 13:12:49.044 +00:00 [INF] 
000000ad
2021-01-03 13:12:49.045 +00:00 [INF] 
000000ae
2021-01-03 13:12:49.046 +00:00 [INF] 
000000af
2021-01-03 13:12:49.052 +00:00 [INF] 
000000b0
2021-01-03 13:12:49.053 +00:00 [INF] 
000000b1
2021-01-03 13:12:49.054 +00:00 [INF] 
000000b2
2021-01-03 13:12:49.054 +00:00 [INF] 
000000b3
2021-01-03 13:12:49.055 +00:00 [INF] 
000000b4
2021-01-03 13:12:49.056 +00:00 [INF] 
000000b5
2021-01-03 13:12:49.056 +00:00 [INF] 
000000b6
2021-01-03 13:12:49.057 +00:00 [INF] 
000000b7
2021-01-03 13:12:49.058 +00:00 [INF] 
000000b8
2021-01-03 13:12:49.059 +00:00 [INF] 
000000b9
2021-01-03 13:12:49.059 +00:00 [INF] 
000000ba
2021-01-03 13:12:49.060 +00:00 [INF] 
000000bb
2021-01-03 13:12:49.060 +00:00 [INF] 
000000bc
2021-01-03 13:12:49.061 +00:00 [INF] 
000000bd
2021-01-03 13:12:49.062 +00:00 [INF] 
000000be
2021-01-03 13:12:49.062 +00:00 [INF] 
000000bf
2021-01-03 13:12:49.063 +00:00 [INF] 
000000c0
2021-01-03 13:12:49.065 +00:00 [INF] 
000000c1
2021-01-03 13:12:49.092 +00:00 [INF] 
000000c2
2021-01-03 13:12:49.093 +00:00 [INF] 
000000c3
2021-01-03 13:12:49.096 +00:00 [INF] 
000000c4
2021-01-03 13:12:49.097 +00:00 [INF] 
000000c5
2021-01-03 13:12:49.098 +00:00 [INF] 
000000c6
2021-01-03 13:12:49.099 +00:00 [INF] 
000000c7
2021-01-03 13:12:49.099 +00:00 [INF] 
000000c8
2021-01-03 13:12:49.100 +00:00 [INF] 
000000c9
2021-01-03 13:12:49.101 +00:00 [INF] 
000000ca
2021-01-03 13:12:49.101 +00:00 [INF] 
000000cb
2021-01-03 13:12:49.102 +00:00 [INF] 
000000cc
2021-01-03 13:12:49.103 +00:00 [INF] 
000000cd
2021-01-03 13:12:49.103 +00:00 [INF] 
000000ce
2021-01-03 13:12:49.104 +00:00 [INF] 
000000cf
2021-01-03 13:12:49.105 +00:00 [INF] 
000000d0
2021-01-03 13:12:49.105 +00:00 [INF] 
000000d1
2021-01-03 13:12:49.106 +00:00 [INF] 
000000d2
2021-01-03 13:12:49.107 +00:00 [INF] 
000000d3
2021-01-03 13:12:49.107 +00:00 [INF] 
000000d4
2021-01-03 13:12:49.108 +00:00 [INF] 
000000d5
2021-01-03 13:12:49.109 +00:00 [INF] 
000000d6
2021-01-03 13:12:49.109 +00:00 [INF] 
000000d7
2021-01-03 13:12:49.110 +00:00 [INF] 
000000d8
2021-01-03 13:12:49.110 +00:00 [INF] 
000000d9
2021-01-03 13:12:49.111 +00:00 [INF] 
000000da
2021-01-03 13:12:49.141 +00:00 [INF] 
000000db
2021-01-03 13:12:49.146 +00:00 [INF] 
000000dc
2021-01-03 13:12:49.147 +00:00 [INF] 
000000dd
