2021-01-03 19:34:55.589 +00:00 [VRB] Started SANS Holiday Hack, December 2020
2021-01-03 19:34:55.612 +00:00 [VRB] Using CTF runner 0.1.0-alpha.28
2021-01-03 19:34:55.614 +00:00 [VRB] Running challange BlockchainInvestigationPart2
2021-01-03 19:34:55.618 +00:00 [INF] Resources online

                Wow, it really was all about abusing the pseudo-random sequence!
                I've been thinking, do you think someone could try and cheat the Naughty/Nice Blockchain with this same technique?

                I remember you told us about how if you have control over to bytes in a file, it's easy to create MD5 hash collisions.

                But the nonce would have to be known ahead of time.
                We know that the blockchain works by "chaining" blocks together.
                There's no way you know who could change it without messing up the chain, right Santa?
                I'm going to look closer to spot if any of the blocks have been changed.


                https://github.com/corkami/collisions
                This one is interestring... https://github.com/corkami/collisions#shattered-sha1

            
2021-01-03 19:34:55.624 +00:00 [INF] Searching for MD5 collision...
2021-01-03 19:34:55.654 +00:00 [INF] Collision found at offiset 0 for value 48
2021-01-03 19:34:55.675 +00:00 [INF] Collision found at offiset 1 for value 48
2021-01-03 19:34:55.690 +00:00 [INF] Collision found at offiset 2 for value 48
2021-01-03 19:34:55.706 +00:00 [INF] Collision found at offiset 3 for value 48
2021-01-03 19:34:55.730 +00:00 [INF] Collision found at offiset 4 for value 48
2021-01-03 19:34:55.743 +00:00 [INF] Collision found at offiset 5 for value 48
2021-01-03 19:34:55.757 +00:00 [INF] Collision found at offiset 6 for value 48
2021-01-03 19:34:55.771 +00:00 [INF] Collision found at offiset 7 for value 48
2021-01-03 19:34:55.788 +00:00 [INF] Collision found at offiset 8 for value 48
2021-01-03 19:34:55.801 +00:00 [INF] Collision found at offiset 9 for value 48
2021-01-03 19:34:55.814 +00:00 [INF] Collision found at offiset 10 for value 48
2021-01-03 19:34:55.833 +00:00 [INF] Collision found at offiset 11 for value 49
2021-01-03 19:34:55.856 +00:00 [INF] Collision found at offiset 12 for value 102
2021-01-03 19:34:55.866 +00:00 [INF] Collision found at offiset 13 for value 57
2021-01-03 19:34:55.884 +00:00 [INF] Collision found at offiset 14 for value 98
2021-01-03 19:34:55.899 +00:00 [INF] Collision found at offiset 15 for value 51
2021-01-03 19:34:55.917 +00:00 [INF] Collision found at offiset 16 for value 97
2021-01-03 19:34:55.932 +00:00 [INF] Collision found at offiset 17 for value 57
2021-01-03 19:34:55.954 +00:00 [INF] Collision found at offiset 18 for value 52
2021-01-03 19:34:55.970 +00:00 [INF] Collision found at offiset 19 for value 52
2021-01-03 19:34:55.987 +00:00 [INF] Collision found at offiset 20 for value 55
2021-01-03 19:34:56.011 +00:00 [INF] Collision found at offiset 21 for value 101
2021-01-03 19:34:56.029 +00:00 [INF] Collision found at offiset 22 for value 53
2021-01-03 19:34:56.049 +00:00 [INF] Collision found at offiset 23 for value 55
2021-01-03 19:34:56.064 +00:00 [INF] Collision found at offiset 24 for value 55
2021-01-03 19:34:56.081 +00:00 [INF] Collision found at offiset 25 for value 49
2021-01-03 19:34:56.101 +00:00 [INF] Collision found at offiset 26 for value 99
2021-01-03 19:34:56.112 +00:00 [INF] Collision found at offiset 27 for value 55
2021-01-03 19:34:56.127 +00:00 [INF] Collision found at offiset 28 for value 48
2021-01-03 19:34:56.144 +00:00 [INF] Collision found at offiset 29 for value 52
2021-01-03 19:34:56.162 +00:00 [INF] Collision found at offiset 30 for value 102
2021-01-03 19:34:56.173 +00:00 [INF] Collision found at offiset 31 for value 52
2021-01-03 19:34:56.193 +00:00 [INF] Collision found at offiset 32 for value 48
2021-01-03 19:34:56.209 +00:00 [INF] Collision found at offiset 33 for value 48
2021-01-03 19:34:56.223 +00:00 [INF] Collision found at offiset 34 for value 48
2021-01-03 19:34:56.239 +00:00 [INF] Collision found at offiset 35 for value 48
2021-01-03 19:34:56.254 +00:00 [INF] Collision found at offiset 36 for value 48
2021-01-03 19:34:56.269 +00:00 [INF] Collision found at offiset 37 for value 48
2021-01-03 19:34:56.292 +00:00 [INF] Collision found at offiset 38 for value 48
2021-01-03 19:34:56.308 +00:00 [INF] Collision found at offiset 39 for value 48
2021-01-03 19:34:56.323 +00:00 [INF] Collision found at offiset 40 for value 48
2021-01-03 19:34:56.336 +00:00 [INF] Collision found at offiset 41 for value 48
2021-01-03 19:34:56.350 +00:00 [INF] Collision found at offiset 42 for value 48
2021-01-03 19:34:56.372 +00:00 [INF] Collision found at offiset 43 for value 49
2021-01-03 19:34:56.380 +00:00 [INF] Collision found at offiset 44 for value 50
2021-01-03 19:34:56.398 +00:00 [INF] Collision found at offiset 45 for value 102
2021-01-03 19:34:56.422 +00:00 [INF] Collision found at offiset 46 for value 100
2021-01-03 19:34:56.426 +00:00 [INF] Collision found at offiset 47 for value 49
2021-01-03 19:34:56.445 +00:00 [INF] Collision found at offiset 48 for value 48
2021-01-03 19:34:56.458 +00:00 [INF] Collision found at offiset 49 for value 48
2021-01-03 19:34:56.472 +00:00 [INF] Collision found at offiset 50 for value 48
2021-01-03 19:34:56.488 +00:00 [INF] Collision found at offiset 51 for value 48
2021-01-03 19:34:56.503 +00:00 [INF] Collision found at offiset 52 for value 48
2021-01-03 19:34:56.521 +00:00 [INF] Collision found at offiset 53 for value 48
2021-01-03 19:34:56.544 +00:00 [INF] Collision found at offiset 54 for value 48
2021-01-03 19:34:56.558 +00:00 [INF] Collision found at offiset 55 for value 48
2021-01-03 19:34:56.573 +00:00 [INF] Collision found at offiset 56 for value 48
2021-01-03 19:34:56.588 +00:00 [INF] Collision found at offiset 57 for value 48
2021-01-03 19:34:56.604 +00:00 [INF] Collision found at offiset 58 for value 48
2021-01-03 19:34:56.615 +00:00 [INF] Collision found at offiset 59 for value 48
2021-01-03 19:34:56.634 +00:00 [INF] Collision found at offiset 60 for value 48
2021-01-03 19:34:56.648 +00:00 [INF] Collision found at offiset 61 for value 50
2021-01-03 19:34:56.663 +00:00 [INF] Collision found at offiset 62 for value 48
2021-01-03 19:34:56.683 +00:00 [INF] Collision found at offiset 63 for value 102
2021-01-03 19:34:56.694 +00:00 [INF] Collision found at offiset 64 for value 50
2021-01-03 19:34:56.807 +00:00 [INF] Collision found at offiset 65 for value 102
2021-01-03 19:34:56.828 +00:00 [INF] Collision found at offiset 66 for value 102
2021-01-03 19:34:56.854 +00:00 [INF] Collision found at offiset 67 for value 102
2021-01-03 19:34:56.889 +00:00 [INF] Collision found at offiset 68 for value 102
2021-01-03 19:34:56.928 +00:00 [INF] Collision found at offiset 69 for value 102
2021-01-03 19:34:56.965 +00:00 [INF] Collision found at offiset 70 for value 102
2021-01-03 19:34:57.012 +00:00 [INF] Collision found at offiset 71 for value 102
2021-01-03 19:34:57.054 +00:00 [INF] Collision found at offiset 72 for value 102
2021-01-03 19:34:57.078 +00:00 [INF] Collision found at offiset 73 for value 49
2021-01-03 19:34:57.125 +00:00 [INF] Collision found at offiset 74 for value 102
2021-01-03 19:34:57.157 +00:00 [INF] Collision found at offiset 75 for value 102
2021-01-03 19:34:57.178 +00:00 [INF] Collision found at offiset 76 for value 48
2021-01-03 19:34:57.210 +00:00 [INF] Collision found at offiset 77 for value 48
2021-01-03 19:34:57.243 +00:00 [INF] Collision found at offiset 78 for value 48
2021-01-03 19:34:57.277 +00:00 [INF] Collision found at offiset 79 for value 48
2021-01-03 19:34:57.309 +00:00 [INF] Collision found at offiset 80 for value 48
2021-01-03 19:34:57.344 +00:00 [INF] Collision found at offiset 81 for value 48
2021-01-03 19:34:57.376 +00:00 [INF] Collision found at offiset 82 for value 54
2021-01-03 19:34:57.411 +00:00 [INF] Collision found at offiset 83 for value 99
2021-01-03 19:34:57.459 +00:00 [INF] Collision found at offiset 84 for value 234
2021-01-03 19:34:57.478 +00:00 [INF] Collision found at offiset 85 for value 70
2021-01-03 19:34:57.505 +00:00 [INF] Collision found at offiset 86 for value 83
2021-01-03 19:34:57.539 +00:00 [INF] Collision found at offiset 87 for value 64
2021-01-03 19:34:57.568 +00:00 [INF] Collision found at offiset 88 for value 48
2021-01-03 19:34:57.604 +00:00 [INF] Collision found at offiset 89 for value 58
2021-01-03 19:34:57.647 +00:00 [INF] Collision found at offiset 90 for value 96
2021-01-03 19:34:57.686 +00:00 [INF] Collision found at offiset 91 for value 121
2021-01-03 19:34:57.725 +00:00 [INF] Collision found at offiset 92 for value 211
2021-01-03 19:34:57.752 +00:00 [INF] Collision found at offiset 93 for value 223
2021-01-03 19:34:57.775 +00:00 [INF] Collision found at offiset 94 for value 39
2021-01-03 19:34:57.809 +00:00 [INF] Collision found at offiset 95 for value 98
2021-01-03 19:34:57.846 +00:00 [INF] Collision found at offiset 96 for value 190
2021-01-03 19:34:57.874 +00:00 [INF] Collision found at offiset 97 for value 104
2021-01-03 19:34:57.903 +00:00 [INF] Collision found at offiset 98 for value 70
2021-01-03 19:34:57.940 +00:00 [INF] Collision found at offiset 99 for value 124
2021-01-03 19:34:57.967 +00:00 [INF] Collision found at offiset 100 for value 39
2021-01-03 19:34:58.033 +00:00 [INF] Collision found at offiset 101 for value 240
2021-01-03 19:34:58.049 +00:00 [INF] Collision found at offiset 102 for value 70
2021-01-03 19:34:58.088 +00:00 [INF] Collision found at offiset 103 for value 211
2021-01-03 19:34:58.117 +00:00 [INF] Collision found at offiset 104 for value 167
2021-01-03 19:34:58.154 +00:00 [INF] Collision found at offiset 106 for value 78
2021-01-03 19:34:58.185 +00:00 [INF] Collision found at offiset 107 for value 146
2021-01-03 19:34:58.223 +00:00 [INF] Collision found at offiset 108 for value 223
2021-01-03 19:34:58.255 +00:00 [INF] Collision found at offiset 109 for value 225
2021-01-03 19:34:58.284 +00:00 [INF] Collision found at offiset 110 for value 222
2021-01-03 19:34:58.319 +00:00 [INF] Collision found at offiset 111 for value 247
2021-01-03 19:34:58.327 +00:00 [INF] Collision found at offiset 112 for value 64
2021-01-03 19:34:58.364 +00:00 [INF] Collision found at offiset 113 for value 127
2021-01-03 19:34:58.394 +00:00 [INF] Collision found at offiset 114 for value 42
2021-01-03 19:34:58.418 +00:00 [INF] Collision found at offiset 115 for value 123
2021-01-03 19:34:58.464 +00:00 [INF] Collision found at offiset 116 for value 115
2021-01-03 19:34:58.497 +00:00 [INF] Collision found at offiset 117 for value 225
2021-01-03 19:34:58.528 +00:00 [INF] Collision found at offiset 118 for value 183
2021-01-03 19:34:58.557 +00:00 [INF] Collision found at offiset 119 for value 89
2021-01-03 19:34:58.609 +00:00 [INF] Collision found at offiset 120 for value 184
2021-01-03 19:34:58.631 +00:00 [INF] Collision found at offiset 121 for value 185
2021-01-03 19:34:58.657 +00:00 [INF] Collision found at offiset 122 for value 25
2021-01-03 19:34:58.694 +00:00 [INF] Collision found at offiset 123 for value 69
2021-01-03 19:34:58.715 +00:00 [INF] Collision found at offiset 124 for value 30
2021-01-03 19:34:58.758 +00:00 [INF] Collision found at offiset 125 for value 55
2021-01-03 19:34:58.797 +00:00 [INF] Collision found at offiset 126 for value 81
2021-01-03 19:34:58.834 +00:00 [INF] Collision found at offiset 127 for value 141
2021-01-03 19:34:58.858 +00:00 [INF] Collision found at offiset 128 for value 34
2021-01-03 19:35:05.146 +00:00 [INF] Collision found at offiset 129 for value 217
2021-01-03 19:35:05.184 +00:00 [INF] Collision found at offiset 130 for value 135
2021-01-03 19:35:05.198 +00:00 [INF] Collision found at offiset 131 for value 41
2021-01-03 19:35:05.231 +00:00 [INF] Collision found at offiset 132 for value 111
2021-01-03 19:35:05.267 +00:00 [INF] Collision found at offiset 133 for value 203
2021-01-03 19:35:05.290 +00:00 [INF] Collision found at offiset 134 for value 15
2021-01-03 19:35:05.329 +00:00 [INF] Collision found at offiset 135 for value 24
2021-01-03 19:35:05.372 +00:00 [INF] Collision found at offiset 136 for value 141
2021-01-03 19:35:05.402 +00:00 [INF] Collision found at offiset 137 for value 214
2021-01-03 19:35:05.420 +00:00 [INF] Collision found at offiset 138 for value 3
2021-01-03 19:35:05.465 +00:00 [INF] Collision found at offiset 139 for value 136
2021-01-03 19:35:05.500 +00:00 [INF] Collision found at offiset 140 for value 191
2021-01-03 19:35:05.524 +00:00 [INF] Collision found at offiset 141 for value 32
2021-01-03 19:35:05.566 +00:00 [INF] Collision found at offiset 142 for value 53
2021-01-03 19:35:05.595 +00:00 [INF] Collision found at offiset 143 for value 15
2021-01-03 19:35:05.630 +00:00 [INF] Collision found at offiset 144 for value 42
2021-01-03 19:35:05.666 +00:00 [INF] Collision found at offiset 145 for value 145
2021-01-03 19:35:05.706 +00:00 [INF] Collision found at offiset 146 for value 194
2021-01-03 19:35:05.731 +00:00 [INF] Collision found at offiset 147 for value 157
2021-01-03 19:35:05.754 +00:00 [INF] Collision found at offiset 148 for value 3
2021-01-03 19:35:05.792 +00:00 [INF] Collision found at offiset 149 for value 72
2021-01-03 19:35:05.830 +00:00 [INF] Collision found at offiset 150 for value 97
2021-01-03 19:35:05.857 +00:00 [INF] Collision found at offiset 151 for value 77
2021-01-03 19:35:05.901 +00:00 [INF] Collision found at offiset 152 for value 192
2021-01-03 19:35:05.939 +00:00 [INF] Collision found at offiset 153 for value 188
2021-01-03 19:35:05.969 +00:00 [INF] Collision found at offiset 154 for value 238
2021-01-03 19:35:06.002 +00:00 [INF] Collision found at offiset 155 for value 242
2021-01-03 19:35:06.034 +00:00 [INF] Collision found at offiset 156 for value 188
2021-01-03 19:35:06.065 +00:00 [INF] Collision found at offiset 157 for value 173
2021-01-03 19:35:06.100 +00:00 [INF] Collision found at offiset 158 for value 212
2021-01-03 19:35:06.135 +00:00 [INF] Collision found at offiset 159 for value 204
2021-01-03 19:35:06.161 +00:00 [INF] Collision found at offiset 160 for value 63
2021-01-03 19:35:06.196 +00:00 [INF] Collision found at offiset 161 for value 37
2021-01-03 19:35:06.230 +00:00 [INF] Collision found at offiset 162 for value 27
2021-01-03 19:35:06.271 +00:00 [INF] Collision found at offiset 163 for value 168
2021-01-03 19:35:06.307 +00:00 [INF] Collision found at offiset 164 for value 249
2021-01-03 19:35:06.336 +00:00 [INF] Collision found at offiset 165 for value 251
2021-01-03 19:35:06.366 +00:00 [INF] Collision found at offiset 166 for value 175
2021-01-03 19:35:06.388 +00:00 [INF] Collision found at offiset 167 for value 23
2021-01-03 19:35:06.422 +00:00 [INF] Collision found at offiset 168 for value 26
2021-01-03 19:35:06.455 +00:00 [INF] Collision found at offiset 169 for value 6
2021-01-03 19:35:06.508 +00:00 [INF] Collision found at offiset 170 for value 223
2021-01-03 19:35:06.523 +00:00 [INF] Collision found at offiset 171 for value 30
2021-01-03 19:35:06.562 +00:00 [INF] Collision found at offiset 172 for value 31
2021-01-03 19:35:06.600 +00:00 [INF] Collision found at offiset 173 for value 216
2021-01-03 19:35:06.632 +00:00 [INF] Collision found at offiset 174 for value 100
2021-01-03 19:35:06.664 +00:00 [INF] Collision found at offiset 175 for value 147
2021-01-03 19:35:06.700 +00:00 [INF] Collision found at offiset 176 for value 150
2021-01-03 19:35:06.736 +00:00 [INF] Collision found at offiset 177 for value 171
2021-01-03 19:35:06.765 +00:00 [INF] Collision found at offiset 178 for value 134
2021-01-03 19:35:06.804 +00:00 [INF] Collision found at offiset 179 for value 249
2021-01-03 19:35:06.843 +00:00 [INF] Collision found at offiset 180 for value 213
2021-01-03 19:35:06.855 +00:00 [INF] Collision found at offiset 181 for value 17
2021-01-03 19:35:06.898 +00:00 [INF] Collision found at offiset 182 for value 140
2021-01-03 19:35:06.934 +00:00 [INF] Collision found at offiset 183 for value 200
2021-01-03 19:35:06.970 +00:00 [INF] Collision found at offiset 184 for value 216
2021-01-03 19:35:06.990 +00:00 [INF] Collision found at offiset 185 for value 32
2021-01-03 19:35:07.032 +00:00 [INF] Collision found at offiset 186 for value 75
2021-01-03 19:35:07.068 +00:00 [INF] Collision found at offiset 187 for value 79
2021-01-03 19:35:07.106 +00:00 [INF] Collision found at offiset 188 for value 254
2021-01-03 19:35:07.133 +00:00 [INF] Collision found at offiset 189 for value 141
2021-01-03 19:35:07.169 +00:00 [INF] Collision found at offiset 190 for value 143
2021-01-03 19:35:07.195 +00:00 [INF] Collision found at offiset 191 for value 9
2021-01-03 19:35:07.231 +00:00 [INF] Collision found at offiset 192 for value 48
2021-01-03 19:35:07.258 +00:00 [INF] Collision found at offiset 193 for value 53
2021-01-03 19:35:07.292 +00:00 [INF] Collision found at offiset 194 for value 48
2021-01-03 19:35:07.326 +00:00 [INF] Collision found at offiset 195 for value 48
2021-01-03 19:35:07.358 +00:00 [INF] Collision found at offiset 196 for value 48
2021-01-03 19:35:07.393 +00:00 [INF] Collision found at offiset 197 for value 48
2021-01-03 19:35:07.437 +00:00 [INF] Collision found at offiset 198 for value 57
2021-01-03 19:35:07.478 +00:00 [INF] Collision found at offiset 199 for value 102
2021-01-03 19:35:07.495 +00:00 [INF] Collision found at offiset 200 for value 53
2021-01-03 19:35:07.535 +00:00 [INF] Collision found at offiset 201 for value 55
2021-01-03 19:35:07.571 +00:00 [INF] Collision found at offiset 202 for value 37
2021-01-03 19:35:07.599 +00:00 [INF] Collision found at offiset 203 for value 80
2021-01-03 19:35:07.632 +00:00 [INF] Collision found at offiset 204 for value 68
2021-01-03 19:35:07.662 +00:00 [INF] Collision found at offiset 205 for value 70
2021-01-03 19:35:07.695 +00:00 [INF] Collision found at offiset 206 for value 45
2021-01-03 19:35:07.735 +00:00 [INF] Collision found at offiset 207 for value 49
