2020-12-22 17:40:16.491 +00:00 [VRB] Started SANS Holiday Hack, December 2020
2020-12-22 17:40:16.510 +00:00 [VRB] Using CTF runner 0.1.0-alpha.18
2020-12-22 17:40:16.512 +00:00 [VRB] Running challange S3
2020-12-22 17:40:16.520 +00:00 [VRB] Reading embedded Dictionary.embedded.gz
2020-12-22 17:40:16.524 +00:00 [INF] cgi-bin
2020-12-22 17:40:16.815 +00:00 [INF] education
2020-12-22 17:40:17.007 +00:00 [ERR] The remote server returned an error: (403) Forbidden.
System.Net.WebException: The remote server returned an error: (403) Forbidden.
   at System.Net.HttpWebRequest.GetResponse()
   at System.Net.WebClient.GetWebResponse(WebRequest request)
   at System.Net.WebClient.OpenRead(Uri address)
   at System.Net.WebClient.OpenRead(String address)
   at Janda.CTF.SANS.HolidayHack.S3.Run() in C:\Users\Matt\Source\Repos\Janda\CTFs\Janda.CTF.SANS.HolidayHack\src\December2020\Challenges\Amazon\S3.cs:line 43
2020-12-22 17:40:17.036 +00:00 [INF] betsie
2020-12-22 17:40:17.228 +00:00 [INF] accessibility
2020-12-22 17:40:17.422 +00:00 [ERR] The remote server returned an error: (403) Forbidden.
System.Net.WebException: The remote server returned an error: (403) Forbidden.
   at System.Net.HttpWebRequest.GetResponse()
   at System.Net.WebClient.GetWebResponse(WebRequest request)
   at System.Net.WebClient.OpenRead(Uri address)
   at System.Net.WebClient.OpenRead(String address)
   at Janda.CTF.SANS.HolidayHack.S3.Run() in C:\Users\Matt\Source\Repos\Janda\CTFs\Janda.CTF.SANS.HolidayHack\src\December2020\Challenges\Amazon\S3.cs:line 43
2020-12-22 17:40:17.426 +00:00 [INF] accesskeys
2020-12-22 17:40:17.616 +00:00 [INF] go
2020-12-22 17:40:17.810 +00:00 [INF] toolbar
2020-12-22 17:40:18.005 +00:00 [ERR] The remote server returned an error: (403) Forbidden.
System.Net.WebException: The remote server returned an error: (403) Forbidden.
   at System.Net.HttpWebRequest.GetResponse()
   at System.Net.WebClient.GetWebResponse(WebRequest request)
   at System.Net.WebClient.OpenRead(Uri address)
   at System.Net.WebClient.OpenRead(String address)
   at Janda.CTF.SANS.HolidayHack.S3.Run() in C:\Users\Matt\Source\Repos\Janda\CTFs\Janda.CTF.SANS.HolidayHack\src\December2020\Challenges\Amazon\S3.cs:line 43
2020-12-22 17:40:18.007 +00:00 [INF] -
2020-12-22 17:40:18.194 +00:00 [INF] text
2020-12-22 17:40:18.392 +00:00 [ERR] The remote server returned an error: (403) Forbidden.
System.Net.WebException: The remote server returned an error: (403) Forbidden.
   at System.Net.HttpWebRequest.GetResponse()
   at System.Net.WebClient.GetWebResponse(WebRequest request)
   at System.Net.WebClient.OpenRead(Uri address)
   at System.Net.WebClient.OpenRead(String address)
   at Janda.CTF.SANS.HolidayHack.S3.Run() in C:\Users\Matt\Source\Repos\Janda\CTFs\Janda.CTF.SANS.HolidayHack\src\December2020\Challenges\Amazon\S3.cs:line 43
2020-12-22 17:40:18.396 +00:00 [INF] tv
2020-12-22 17:40:18.586 +00:00 [INF] radio
