2020-12-22 17:40:26.665 +00:00 [VRB] Started SANS Holiday Hack, December 2020
2020-12-22 17:40:26.688 +00:00 [VRB] Using CTF runner 0.1.0-alpha.18
2020-12-22 17:40:26.692 +00:00 [VRB] Running challange S3
2020-12-22 17:40:26.700 +00:00 [VRB] Reading embedded Dictionary.embedded.gz
2020-12-22 17:40:26.704 +00:00 [INF] cgi-bin
2020-12-22 17:40:27.001 +00:00 [ERR] The remote server returned an error: (403) Forbidden.
System.Net.WebException: The remote server returned an error: (403) Forbidden.
   at System.Net.HttpWebRequest.GetResponse()
   at System.Net.WebClient.GetWebResponse(WebRequest request)
   at System.Net.WebClient.OpenRead(Uri address)
   at System.Net.WebClient.OpenRead(String address)
   at Janda.CTF.SANS.HolidayHack.S3.Run() in C:\Users\Matt\Source\Repos\Janda\CTFs\Janda.CTF.SANS.HolidayHack\src\December2020\Challenges\Amazon\S3.cs:line 43
2020-12-22 17:40:27.019 +00:00 [INF] education
2020-12-22 17:40:27.210 +00:00 [ERR] The remote server returned an error: (403) Forbidden.
System.Net.WebException: The remote server returned an error: (403) Forbidden.
   at System.Net.HttpWebRequest.GetResponse()
   at System.Net.WebClient.GetWebResponse(WebRequest request)
   at System.Net.WebClient.OpenRead(Uri address)
   at System.Net.WebClient.OpenRead(String address)
   at Janda.CTF.SANS.HolidayHack.S3.Run() in C:\Users\Matt\Source\Repos\Janda\CTFs\Janda.CTF.SANS.HolidayHack\src\December2020\Challenges\Amazon\S3.cs:line 43
2020-12-22 17:40:27.211 +00:00 [INF] betsie
2020-12-22 17:40:27.407 +00:00 [INF] accessibility
2020-12-22 17:40:27.607 +00:00 [ERR] The remote server returned an error: (403) Forbidden.
System.Net.WebException: The remote server returned an error: (403) Forbidden.
   at System.Net.HttpWebRequest.GetResponse()
   at System.Net.WebClient.GetWebResponse(WebRequest request)
   at System.Net.WebClient.OpenRead(Uri address)
   at System.Net.WebClient.OpenRead(String address)
   at Janda.CTF.SANS.HolidayHack.S3.Run() in C:\Users\Matt\Source\Repos\Janda\CTFs\Janda.CTF.SANS.HolidayHack\src\December2020\Challenges\Amazon\S3.cs:line 43
2020-12-22 17:40:27.615 +00:00 [INF] accesskeys
2020-12-22 17:40:27.807 +00:00 [INF] go
2020-12-22 17:40:27.997 +00:00 [INF] toolbar
2020-12-22 17:40:28.191 +00:00 [ERR] The remote server returned an error: (403) Forbidden.
System.Net.WebException: The remote server returned an error: (403) Forbidden.
   at System.Net.HttpWebRequest.GetResponse()
   at System.Net.WebClient.GetWebResponse(WebRequest request)
   at System.Net.WebClient.OpenRead(Uri address)
   at System.Net.WebClient.OpenRead(String address)
   at Janda.CTF.SANS.HolidayHack.S3.Run() in C:\Users\Matt\Source\Repos\Janda\CTFs\Janda.CTF.SANS.HolidayHack\src\December2020\Challenges\Amazon\S3.cs:line 43
2020-12-22 17:40:28.193 +00:00 [INF] -
2020-12-22 17:40:28.384 +00:00 [INF] text
2020-12-22 17:40:28.582 +00:00 [ERR] The remote server returned an error: (403) Forbidden.
System.Net.WebException: The remote server returned an error: (403) Forbidden.
   at System.Net.HttpWebRequest.GetResponse()
   at System.Net.WebClient.GetWebResponse(WebRequest request)
   at System.Net.WebClient.OpenRead(Uri address)
   at System.Net.WebClient.OpenRead(String address)
   at Janda.CTF.SANS.HolidayHack.S3.Run() in C:\Users\Matt\Source\Repos\Janda\CTFs\Janda.CTF.SANS.HolidayHack\src\December2020\Challenges\Amazon\S3.cs:line 43
2020-12-22 17:40:28.585 +00:00 [INF] tv
2020-12-22 17:40:28.787 +00:00 [INF] radio
2020-12-22 17:40:28.990 +00:00 [ERR] The remote server returned an error: (403) Forbidden.
System.Net.WebException: The remote server returned an error: (403) Forbidden.
   at System.Net.HttpWebRequest.GetResponse()
   at System.Net.WebClient.GetWebResponse(WebRequest request)
   at System.Net.WebClient.OpenRead(Uri address)
   at System.Net.WebClient.OpenRead(String address)
   at Janda.CTF.SANS.HolidayHack.S3.Run() in C:\Users\Matt\Source\Repos\Janda\CTFs\Janda.CTF.SANS.HolidayHack\src\December2020\Challenges\Amazon\S3.cs:line 43
2020-12-22 17:40:28.991 +00:00 [INF] talk
2020-12-22 17:40:29.187 +00:00 [ERR] The remote server returned an error: (403) Forbidden.
System.Net.WebException: The remote server returned an error: (403) Forbidden.
   at System.Net.HttpWebRequest.GetResponse()
   at System.Net.WebClient.GetWebResponse(WebRequest request)
   at System.Net.WebClient.OpenRead(Uri address)
   at System.Net.WebClient.OpenRead(String address)
   at Janda.CTF.SANS.HolidayHack.S3.Run() in C:\Users\Matt\Source\Repos\Janda\CTFs\Janda.CTF.SANS.HolidayHack\src\December2020\Challenges\Amazon\S3.cs:line 43
2020-12-22 17:40:29.190 +00:00 [INF] whereilive
2020-12-22 17:40:29.391 +00:00 [INF] a-z
2020-12-22 17:40:29.585 +00:00 [ERR] The remote server returned an error: (403) Forbidden.
System.Net.WebException: The remote server returned an error: (403) Forbidden.
   at System.Net.HttpWebRequest.GetResponse()
   at System.Net.WebClient.GetWebResponse(WebRequest request)
   at System.Net.WebClient.OpenRead(Uri address)
   at System.Net.WebClient.OpenRead(String address)
   at Janda.CTF.SANS.HolidayHack.S3.Run() in C:\Users\Matt\Source\Repos\Janda\CTFs\Janda.CTF.SANS.HolidayHack\src\December2020\Challenges\Amazon\S3.cs:line 43
2020-12-22 17:40:29.587 +00:00 [INF] homepage
2020-12-22 17:40:29.794 +00:00 [ERR] The remote server returned an error: (403) Forbidden.
System.Net.WebException: The remote server returned an error: (403) Forbidden.
   at System.Net.HttpWebRequest.GetResponse()
   at System.Net.WebClient.GetWebResponse(WebRequest request)
   at System.Net.WebClient.OpenRead(Uri address)
   at System.Net.WebClient.OpenRead(String address)
   at Janda.CTF.SANS.HolidayHack.S3.Run() in C:\Users\Matt\Source\Repos\Janda\CTFs\Janda.CTF.SANS.HolidayHack\src\December2020\Challenges\Amazon\S3.cs:line 43
2020-12-22 17:40:29.799 +00:00 [INF] int
2020-12-22 17:40:30.000 +00:00 [ERR] The remote server returned an error: (403) Forbidden.
System.Net.WebException: The remote server returned an error: (403) Forbidden.
   at System.Net.HttpWebRequest.GetResponse()
   at System.Net.WebClient.GetWebResponse(WebRequest request)
   at System.Net.WebClient.OpenRead(Uri address)
   at System.Net.WebClient.OpenRead(String address)
   at Janda.CTF.SANS.HolidayHack.S3.Run() in C:\Users\Matt\Source\Repos\Janda\CTFs\Janda.CTF.SANS.HolidayHack\src\December2020\Challenges\Amazon\S3.cs:line 43
2020-12-22 17:40:30.001 +00:00 [INF] bb
2020-12-22 17:40:30.191 +00:00 [INF] oth
2020-12-22 17:40:30.408 +00:00 [ERR] The remote server returned an error: (403) Forbidden.
System.Net.WebException: The remote server returned an error: (403) Forbidden.
   at System.Net.HttpWebRequest.GetResponse()
   at System.Net.WebClient.GetWebResponse(WebRequest request)
   at System.Net.WebClient.OpenRead(Uri address)
   at System.Net.WebClient.OpenRead(String address)
   at Janda.CTF.SANS.HolidayHack.S3.Run() in C:\Users\Matt\Source\Repos\Janda\CTFs\Janda.CTF.SANS.HolidayHack\src\December2020\Challenges\Amazon\S3.cs:line 43
2020-12-22 17:40:30.409 +00:00 [INF] textonly
2020-12-22 17:40:30.597 +00:00 [INF] t
2020-12-22 17:40:30.783 +00:00 [INF] mobile
2020-12-22 17:40:30.975 +00:00 [INF] makehomepage
2020-12-22 17:40:31.172 +00:00 [INF] help
2020-12-22 17:40:31.370 +00:00 [INF] search
2020-12-22 17:40:31.566 +00:00 [ERR] The remote server returned an error: (403) Forbidden.
System.Net.WebException: The remote server returned an error: (403) Forbidden.
   at System.Net.HttpWebRequest.GetResponse()
   at System.Net.WebClient.GetWebResponse(WebRequest request)
   at System.Net.WebClient.OpenRead(Uri address)
   at System.Net.WebClient.OpenRead(String address)
   at Janda.CTF.SANS.HolidayHack.S3.Run() in C:\Users\Matt\Source\Repos\Janda\CTFs\Janda.CTF.SANS.HolidayHack\src\December2020\Challenges\Amazon\S3.cs:line 43
2020-12-22 17:40:31.567 +00:00 [INF] pl1
2020-12-22 17:40:31.761 +00:00 [INF] pl2
2020-12-22 17:40:31.960 +00:00 [INF] pl3
2020-12-22 17:40:32.151 +00:00 [INF] pan
2020-12-22 17:40:32.345 +00:00 [ERR] The remote server returned an error: (403) Forbidden.
System.Net.WebException: The remote server returned an error: (403) Forbidden.
   at System.Net.HttpWebRequest.GetResponse()
   at System.Net.WebClient.GetWebResponse(WebRequest request)
   at System.Net.WebClient.OpenRead(Uri address)
   at System.Net.WebClient.OpenRead(String address)
   at Janda.CTF.SANS.HolidayHack.S3.Run() in C:\Users\Matt\Source\Repos\Janda\CTFs\Janda.CTF.SANS.HolidayHack\src\December2020\Challenges\Amazon\S3.cs:line 43
2020-12-22 17:40:32.347 +00:00 [INF] new
2020-12-22 17:40:32.556 +00:00 [ERR] The remote server returned an error: (403) Forbidden.
System.Net.WebException: The remote server returned an error: (403) Forbidden.
   at System.Net.HttpWebRequest.GetResponse()
   at System.Net.WebClient.GetWebResponse(WebRequest request)
   at System.Net.WebClient.OpenRead(Uri address)
   at System.Net.WebClient.OpenRead(String address)
   at Janda.CTF.SANS.HolidayHack.S3.Run() in C:\Users\Matt\Source\Repos\Janda\CTFs\Janda.CTF.SANS.HolidayHack\src\December2020\Challenges\Amazon\S3.cs:line 43
2020-12-22 17:40:32.556 +00:00 [INF] pr
2020-12-22 17:40:32.747 +00:00 [INF] no
2020-12-22 17:40:32.936 +00:00 [INF] 1710052200
2020-12-22 17:40:33.134 +00:00 [INF] h1
2020-12-22 17:40:33.324 +00:00 [INF] calc
2020-12-22 17:40:33.525 +00:00 [ERR] The remote server returned an error: (403) Forbidden.
System.Net.WebException: The remote server returned an error: (403) Forbidden.
   at System.Net.HttpWebRequest.GetResponse()
   at System.Net.WebClient.GetWebResponse(WebRequest request)
   at System.Net.WebClient.OpenRead(Uri address)
   at System.Net.WebClient.OpenRead(String address)
   at Janda.CTF.SANS.HolidayHack.S3.Run() in C:\Users\Matt\Source\Repos\Janda\CTFs\Janda.CTF.SANS.HolidayHack\src\December2020\Challenges\Amazon\S3.cs:line 43
2020-12-22 17:40:33.526 +00:00 [INF] radio1
2020-12-22 17:40:33.726 +00:00 [INF] b1
2020-12-22 17:40:33.912 +00:00 [INF] b2
2020-12-22 17:40:34.100 +00:00 [INF] b3
2020-12-22 17:40:34.299 +00:00 [INF] b4
2020-12-22 17:40:34.490 +00:00 [INF] blast
2020-12-22 17:40:34.698 +00:00 [INF] <?xml version="1.0" encoding="UTF-8"?>
<ListBucketResult xmlns="http://s3.amazonaws.com/doc/2006-03-01/"><Name>blast</Name><Prefix></Prefix><Marker></Marker><MaxKeys>1000</MaxKeys><IsTruncated>false</IsTruncated><Contents><Key>js/</Key><LastModified>2013-06-03T00:26:27.000Z</LastModified><ETag>&quot;d41d8cd98f00b204e9800998ecf8427e&quot;</ETag><Size>0</Size><StorageClass>STANDARD</StorageClass></Contents><Contents><Key>js/jquery-1.10.1.min.js</Key><LastModified>2013-06-03T00:26:30.000Z</LastModified><ETag>&quot;33d85132f0154466fc017dd05111873d&quot;</ETag><Size>93064</Size><StorageClass>STANDARD</StorageClass></Contents></ListBucketResult>
2020-12-22 17:40:34.702 +00:00 [VRB] Challenge S3 completed
