2020-12-22 17:41:18.253 +00:00 [VRB] Started SANS Holiday Hack, December 2020
2020-12-22 17:41:18.271 +00:00 [VRB] Using CTF runner 0.1.0-alpha.18
2020-12-22 17:41:18.273 +00:00 [VRB] Running challange S3
2020-12-22 17:41:18.281 +00:00 [VRB] Reading embedded Dictionary.embedded.gz
2020-12-22 17:41:18.775 +00:00 [ERR] The remote server returned an error: (403) Forbidden.
System.Net.WebException: The remote server returned an error: (403) Forbidden.
   at System.Net.HttpWebRequest.GetResponse()
   at System.Net.WebClient.GetWebResponse(WebRequest request)
   at System.Net.WebClient.OpenRead(Uri address)
   at System.Net.WebClient.OpenRead(String address)
   at Janda.CTF.SANS.HolidayHack.S3.Run() in C:\Users\Matt\Source\Repos\Janda\CTFs\Janda.CTF.SANS.HolidayHack\src\December2020\Challenges\Amazon\S3.cs:line 43
2020-12-22 17:41:19.214 +00:00 [ERR] The remote server returned an error: (403) Forbidden.
System.Net.WebException: The remote server returned an error: (403) Forbidden.
   at System.Net.HttpWebRequest.GetResponse()
   at System.Net.WebClient.GetWebResponse(WebRequest request)
   at System.Net.WebClient.OpenRead(Uri address)
   at System.Net.WebClient.OpenRead(String address)
   at Janda.CTF.SANS.HolidayHack.S3.Run() in C:\Users\Matt\Source\Repos\Janda\CTFs\Janda.CTF.SANS.HolidayHack\src\December2020\Challenges\Amazon\S3.cs:line 43
2020-12-22 17:41:19.787 +00:00 [ERR] The remote server returned an error: (403) Forbidden.
System.Net.WebException: The remote server returned an error: (403) Forbidden.
   at System.Net.HttpWebRequest.GetResponse()
   at System.Net.WebClient.GetWebResponse(WebRequest request)
   at System.Net.WebClient.OpenRead(Uri address)
   at System.Net.WebClient.OpenRead(String address)
   at Janda.CTF.SANS.HolidayHack.S3.Run() in C:\Users\Matt\Source\Repos\Janda\CTFs\Janda.CTF.SANS.HolidayHack\src\December2020\Challenges\Amazon\S3.cs:line 43
2020-12-22 17:41:20.189 +00:00 [ERR] The remote server returned an error: (403) Forbidden.
System.Net.WebException: The remote server returned an error: (403) Forbidden.
   at System.Net.HttpWebRequest.GetResponse()
   at System.Net.WebClient.GetWebResponse(WebRequest request)
   at System.Net.WebClient.OpenRead(Uri address)
   at System.Net.WebClient.OpenRead(String address)
   at Janda.CTF.SANS.HolidayHack.S3.Run() in C:\Users\Matt\Source\Repos\Janda\CTFs\Janda.CTF.SANS.HolidayHack\src\December2020\Challenges\Amazon\S3.cs:line 43
2020-12-22 17:41:20.590 +00:00 [ERR] The remote server returned an error: (403) Forbidden.
System.Net.WebException: The remote server returned an error: (403) Forbidden.
   at System.Net.HttpWebRequest.GetResponse()
   at System.Net.WebClient.GetWebResponse(WebRequest request)
   at System.Net.WebClient.OpenRead(Uri address)
   at System.Net.WebClient.OpenRead(String address)
   at Janda.CTF.SANS.HolidayHack.S3.Run() in C:\Users\Matt\Source\Repos\Janda\CTFs\Janda.CTF.SANS.HolidayHack\src\December2020\Challenges\Amazon\S3.cs:line 43
2020-12-22 17:41:20.781 +00:00 [ERR] The remote server returned an error: (403) Forbidden.
System.Net.WebException: The remote server returned an error: (403) Forbidden.
   at System.Net.HttpWebRequest.GetResponse()
   at System.Net.WebClient.GetWebResponse(WebRequest request)
   at System.Net.WebClient.OpenRead(Uri address)
   at System.Net.WebClient.OpenRead(String address)
   at Janda.CTF.SANS.HolidayHack.S3.Run() in C:\Users\Matt\Source\Repos\Janda\CTFs\Janda.CTF.SANS.HolidayHack\src\December2020\Challenges\Amazon\S3.cs:line 43
2020-12-22 17:41:21.159 +00:00 [ERR] The remote server returned an error: (403) Forbidden.
System.Net.WebException: The remote server returned an error: (403) Forbidden.
   at System.Net.HttpWebRequest.GetResponse()
   at System.Net.WebClient.GetWebResponse(WebRequest request)
   at System.Net.WebClient.OpenRead(Uri address)
   at System.Net.WebClient.OpenRead(String address)
   at Janda.CTF.SANS.HolidayHack.S3.Run() in C:\Users\Matt\Source\Repos\Janda\CTFs\Janda.CTF.SANS.HolidayHack\src\December2020\Challenges\Amazon\S3.cs:line 43
2020-12-22 17:41:21.359 +00:00 [ERR] The remote server returned an error: (403) Forbidden.
System.Net.WebException: The remote server returned an error: (403) Forbidden.
   at System.Net.HttpWebRequest.GetResponse()
   at System.Net.WebClient.GetWebResponse(WebRequest request)
   at System.Net.WebClient.OpenRead(Uri address)
   at System.Net.WebClient.OpenRead(String address)
   at Janda.CTF.SANS.HolidayHack.S3.Run() in C:\Users\Matt\Source\Repos\Janda\CTFs\Janda.CTF.SANS.HolidayHack\src\December2020\Challenges\Amazon\S3.cs:line 43
2020-12-22 17:41:21.561 +00:00 [ERR] The remote server returned an error: (403) Forbidden.
System.Net.WebException: The remote server returned an error: (403) Forbidden.
   at System.Net.HttpWebRequest.GetResponse()
   at System.Net.WebClient.GetWebResponse(WebRequest request)
   at System.Net.WebClient.OpenRead(Uri address)
   at System.Net.WebClient.OpenRead(String address)
   at Janda.CTF.SANS.HolidayHack.S3.Run() in C:\Users\Matt\Source\Repos\Janda\CTFs\Janda.CTF.SANS.HolidayHack\src\December2020\Challenges\Amazon\S3.cs:line 43
2020-12-22 17:41:21.955 +00:00 [ERR] The remote server returned an error: (403) Forbidden.
System.Net.WebException: The remote server returned an error: (403) Forbidden.
   at System.Net.HttpWebRequest.GetResponse()
   at System.Net.WebClient.GetWebResponse(WebRequest request)
   at System.Net.WebClient.OpenRead(Uri address)
   at System.Net.WebClient.OpenRead(String address)
   at Janda.CTF.SANS.HolidayHack.S3.Run() in C:\Users\Matt\Source\Repos\Janda\CTFs\Janda.CTF.SANS.HolidayHack\src\December2020\Challenges\Amazon\S3.cs:line 43
2020-12-22 17:41:23.125 +00:00 [ERR] The remote server returned an error: (403) Forbidden.
System.Net.WebException: The remote server returned an error: (403) Forbidden.
   at System.Net.HttpWebRequest.GetResponse()
   at System.Net.WebClient.GetWebResponse(WebRequest request)
   at System.Net.WebClient.OpenRead(Uri address)
   at System.Net.WebClient.OpenRead(String address)
   at Janda.CTF.SANS.HolidayHack.S3.Run() in C:\Users\Matt\Source\Repos\Janda\CTFs\Janda.CTF.SANS.HolidayHack\src\December2020\Challenges\Amazon\S3.cs:line 43
2020-12-22 17:41:23.914 +00:00 [ERR] The remote server returned an error: (403) Forbidden.
System.Net.WebException: The remote server returned an error: (403) Forbidden.
   at System.Net.HttpWebRequest.GetResponse()
   at System.Net.WebClient.GetWebResponse(WebRequest request)
   at System.Net.WebClient.OpenRead(Uri address)
   at System.Net.WebClient.OpenRead(String address)
   at Janda.CTF.SANS.HolidayHack.S3.Run() in C:\Users\Matt\Source\Repos\Janda\CTFs\Janda.CTF.SANS.HolidayHack\src\December2020\Challenges\Amazon\S3.cs:line 43
2020-12-22 17:41:24.106 +00:00 [ERR] The remote server returned an error: (403) Forbidden.
System.Net.WebException: The remote server returned an error: (403) Forbidden.
   at System.Net.HttpWebRequest.GetResponse()
   at System.Net.WebClient.GetWebResponse(WebRequest request)
   at System.Net.WebClient.OpenRead(Uri address)
   at System.Net.WebClient.OpenRead(String address)
   at Janda.CTF.SANS.HolidayHack.S3.Run() in C:\Users\Matt\Source\Repos\Janda\CTFs\Janda.CTF.SANS.HolidayHack\src\December2020\Challenges\Amazon\S3.cs:line 43
2020-12-22 17:41:25.152 +00:00 [ERR] The remote server returned an error: (403) Forbidden.
System.Net.WebException: The remote server returned an error: (403) Forbidden.
   at System.Net.HttpWebRequest.GetResponse()
   at System.Net.WebClient.GetWebResponse(WebRequest request)
   at System.Net.WebClient.OpenRead(Uri address)
   at System.Net.WebClient.OpenRead(String address)
   at Janda.CTF.SANS.HolidayHack.S3.Run() in C:\Users\Matt\Source\Repos\Janda\CTFs\Janda.CTF.SANS.HolidayHack\src\December2020\Challenges\Amazon\S3.cs:line 43
2020-12-22 17:41:26.332 +00:00 [INF] <?xml version="1.0" encoding="UTF-8"?>
<ListBucketResult xmlns="http://s3.amazonaws.com/doc/2006-03-01/"><Name>blast</Name><Prefix></Prefix><Marker></Marker><MaxKeys>1000</MaxKeys><IsTruncated>false</IsTruncated><Contents><Key>js/</Key><LastModified>2013-06-03T00:26:27.000Z</LastModified><ETag>&quot;d41d8cd98f00b204e9800998ecf8427e&quot;</ETag><Size>0</Size><StorageClass>STANDARD</StorageClass></Contents><Contents><Key>js/jquery-1.10.1.min.js</Key><LastModified>2013-06-03T00:26:30.000Z</LastModified><ETag>&quot;33d85132f0154466fc017dd05111873d&quot;</ETag><Size>93064</Size><StorageClass>STANDARD</StorageClass></Contents></ListBucketResult>
2020-12-22 17:41:26.336 +00:00 [VRB] Challenge S3 completed
