2020-12-22 18:32:06.579 +00:00 [VRB] Started SANS Holiday Hack, December 2020
2020-12-22 18:32:06.599 +00:00 [VRB] Using CTF runner 0.1.0-alpha.18
2020-12-22 18:32:06.601 +00:00 [VRB] Running challange S3
2020-12-22 18:32:06.610 +00:00 [VRB] Reading embedded Dictionary.embedded.gz
2020-12-22 18:32:10.928 +00:00 [INF] Bucket found: blast
2020-12-22 18:32:12.838 +00:00 [INF] Bucket found: parenting
2020-12-22 18:32:13.577 +00:00 [INF] Bucket found: internationals
2020-12-22 18:32:15.326 +00:00 [INF] Bucket found: newswatch
2020-12-22 18:32:16.290 +00:00 [INF] Bucket found: titles
2020-12-22 18:32:16.405 +00:00 [INF] Bucket found: nrss
2020-12-22 18:32:17.357 +00:00 [INF] Bucket found: simg
2020-12-22 18:32:17.446 +00:00 [INF] Bucket found: arts
2020-12-22 18:32:17.578 +00:00 [INF] Bucket found: animals
2020-12-22 18:32:18.165 +00:00 [INF] Bucket found: cha
2020-12-22 18:32:20.029 +00:00 [INF] Bucket found: real
2020-12-22 18:32:20.184 +00:00 [INF] Bucket found: button
2020-12-22 18:32:21.276 +00:00 [INF] Bucket found: islandlife
2020-12-22 18:32:21.534 +00:00 [INF] Bucket found: lic
2020-12-22 18:32:22.051 +00:00 [INF] Bucket found: ents
2020-12-22 18:32:24.189 +00:00 [INF] Bucket found: muze
2020-12-22 18:32:24.265 +00:00 [INF] Bucket found: basics
2020-12-22 18:32:24.861 +00:00 [INF] Bucket found: lhn
2020-12-22 18:32:27.925 +00:00 [INF] Bucket found: bigread
2020-12-22 18:32:28.343 +00:00 [INF] Bucket found: techniques
2020-12-22 18:32:29.813 +00:00 [INF] Bucket found: comets
2020-12-22 18:32:30.858 +00:00 [INF] Bucket found: disgust
2020-12-22 18:32:31.124 +00:00 [INF] Bucket found: lifecycle
2020-12-22 18:32:31.398 +00:00 [INF] Bucket found: playspace
2020-12-22 18:32:31.761 +00:00 [INF] Bucket found: interactives
2020-12-22 18:32:31.977 +00:00 [INF] Bucket found: promos
2020-12-22 18:32:32.660 +00:00 [INF] Bucket found: emotions
2020-12-22 18:32:33.657 +00:00 [INF] Bucket found: portuguese
2020-12-22 18:32:36.418 +00:00 [INF] Bucket found: albanian
2020-12-22 18:32:38.404 +00:00 [INF] Bucket found: grid
2020-12-22 18:32:39.514 +00:00 [INF] Bucket found: img
2020-12-22 18:32:39.635 +00:00 [INF] Bucket found: dynamo
2020-12-22 18:32:41.044 +00:00 [INF] Bucket found: 2images
2020-12-22 18:32:41.975 +00:00 [INF] Bucket found: vikings
2020-12-22 18:32:42.348 +00:00 [INF] Bucket found: ww2
2020-12-22 18:32:45.538 +00:00 [INF] Bucket found: noproblem
2020-12-22 18:32:46.310 +00:00 [INF] Bucket found: transcripts
2020-12-22 18:32:49.286 +00:00 [INF] Bucket found: catering
2020-12-22 18:32:53.095 +00:00 [INF] Bucket found: watch
2020-12-22 18:32:55.160 +00:00 [INF] Bucket found: currency
2020-12-22 18:32:56.249 +00:00 [INF] Bucket found: honey
2020-12-22 18:32:59.668 +00:00 [INF] Bucket found: apod
2020-12-22 18:33:00.655 +00:00 [INF] Bucket found: learn
2020-12-22 18:33:01.699 +00:00 [INF] Bucket found: asthma
2020-12-22 18:33:03.352 +00:00 [INF] Bucket found: purpose
2020-12-22 18:33:04.827 +00:00 [INF] Bucket found: foi
2020-12-22 18:33:06.707 +00:00 [INF] Bucket found: horizon
2020-12-22 18:33:08.829 +00:00 [INF] Bucket found: phil
2020-12-22 18:33:09.745 +00:00 [INF] Bucket found: obituaries
2020-12-22 18:33:14.696 +00:00 [INF] Bucket found: wgbh
2020-12-22 18:33:21.963 +00:00 [INF] Bucket found: readingroom
2020-12-22 18:33:25.211 +00:00 [INF] Bucket found: light
2020-12-22 18:33:27.298 +00:00 [INF] Bucket found: eco
2020-12-22 18:33:27.780 +00:00 [INF] Bucket found: womens
2020-12-22 18:33:28.929 +00:00 [INF] Bucket found: beyond
2020-12-22 18:33:33.141 +00:00 [INF] Bucket found: vitae
2020-12-22 18:33:33.667 +00:00 [INF] Bucket found: wwi
2020-12-22 18:33:33.910 +00:00 [INF] Bucket found: marshall
2020-12-22 18:33:35.361 +00:00 [INF] Bucket found: front
2020-12-22 18:33:38.745 +00:00 [INF] Bucket found: theverb
2020-12-22 18:33:39.688 +00:00 [INF] Bucket found: stry
2020-12-22 18:33:41.523 +00:00 [INF] Bucket found: marketing
2020-12-22 18:33:42.324 +00:00 [INF] Bucket found: chaucer
2020-12-22 18:33:44.160 +00:00 [INF] Bucket found: includes
2020-12-22 18:33:45.106 +00:00 [INF] Bucket found: press
2020-12-22 18:33:45.619 +00:00 [INF] Bucket found: mem
2020-12-22 18:33:49.100 +00:00 [INF] Bucket found: newsfeed
2020-12-22 18:33:49.524 +00:00 [INF] Bucket found: extranet
2020-12-22 18:33:56.171 +00:00 [INF] Bucket found: lookahead
2020-12-22 18:33:57.290 +00:00 [INF] Bucket found: evans
2020-12-22 18:33:59.372 +00:00 [INF] Bucket found: issue
2020-12-22 18:34:01.662 +00:00 [INF] Bucket found: rockshow
2020-12-22 18:34:02.206 +00:00 [INF] Bucket found: liberty
2020-12-22 18:34:02.720 +00:00 [INF] Bucket found: hotseat
2020-12-22 18:34:04.202 +00:00 [INF] Bucket found: bristol
2020-12-22 18:34:12.924 +00:00 [INF] Bucket found: diarmuid
2020-12-22 18:34:13.732 +00:00 [INF] Bucket found: popups
2020-12-22 18:34:13.912 +00:00 [INF] Bucket found: pinter
2020-12-22 18:34:15.220 +00:00 [INF] Bucket found: dundee
2020-12-22 18:34:15.707 +00:00 [INF] Bucket found: brighton
2020-12-22 18:34:17.509 +00:00 [INF] Bucket found: gfi
2020-12-22 18:34:19.538 +00:00 [INF] Bucket found: civilwar
2020-12-22 18:34:23.535 +00:00 [INF] Bucket found: acc
2020-12-22 18:34:23.621 +00:00 [INF] Bucket found: dragonsden
2020-12-22 18:34:25.836 +00:00 [INF] Bucket found: schemes
2020-12-22 18:34:25.927 +00:00 [INF] Bucket found: breakfast
2020-12-22 18:34:26.411 +00:00 [INF] Bucket found: pine
2020-12-22 18:34:29.409 +00:00 [INF] Bucket found: highhopes
2020-12-22 18:34:30.255 +00:00 [INF] Bucket found: walsall
2020-12-22 18:34:32.169 +00:00 [INF] Bucket found: pyramid
2020-12-22 18:34:33.449 +00:00 [INF] Bucket found: worldclass
2020-12-22 18:34:34.240 +00:00 [INF] Bucket found: lomo
2020-12-22 18:34:41.642 +00:00 [INF] Bucket found: wildlife
2020-12-22 18:34:43.968 +00:00 [INF] Bucket found: zanelowe
2020-12-22 18:34:45.440 +00:00 [INF] Bucket found: rivercity
2020-12-22 18:34:45.597 +00:00 [INF] Bucket found: wolves
2020-12-22 18:34:46.208 +00:00 [INF] Bucket found: tng
2020-12-22 18:34:46.959 +00:00 [INF] Bucket found: musical
2020-12-22 18:34:49.421 +00:00 [INF] Bucket found: slideshow
2020-12-22 18:34:50.547 +00:00 [INF] Bucket found: roads
2020-12-22 18:34:51.097 +00:00 [INF] Bucket found: weekender
2020-12-22 18:34:52.238 +00:00 [INF] Bucket found: dl1
2020-12-22 18:34:52.997 +00:00 [INF] Bucket found: htdocs
2020-12-22 18:34:55.469 +00:00 [INF] Bucket found: featured
2020-12-22 18:34:56.638 +00:00 [INF] Bucket found: emailcontent
2020-12-22 18:34:57.825 +00:00 [INF] Bucket found: img_70
2020-12-22 18:34:58.753 +00:00 [INF] Bucket found: xls
2020-12-22 18:34:59.154 +00:00 [INF] Bucket found: educationandtraining
2020-12-22 18:35:01.071 +00:00 [INF] Bucket found: briefs
2020-12-22 18:35:02.309 +00:00 [INF] Bucket found: howtos
2020-12-22 18:35:04.965 +00:00 [INF] Bucket found: fckeditor
2020-12-22 18:35:06.008 +00:00 [INF] Bucket found: edu
2020-12-22 18:35:06.143 +00:00 [INF] Bucket found: 122
2020-12-22 18:35:15.033 +00:00 [INF] Bucket found: communications
2020-12-22 18:35:17.834 +00:00 [INF] Bucket found: pdfcatalog
2020-12-22 18:35:18.105 +00:00 [INF] Bucket found: c116
2020-12-22 18:35:21.189 +00:00 [INF] Bucket found: internet
2020-12-22 18:35:21.189 +00:00 [INF] Bucket found: lre
2020-12-22 18:35:23.005 +00:00 [INF] Bucket found: animal
2020-12-22 18:35:23.547 +00:00 [INF] Bucket found: espanol
2020-12-22 18:35:25.080 +00:00 [INF] Bucket found: promotions
2020-12-22 18:35:25.806 +00:00 [INF] Bucket found: 6147
2020-12-22 18:35:26.056 +00:00 [INF] Bucket found: 612a
2020-12-22 18:35:26.330 +00:00 [INF] Bucket found: rma
2020-12-22 18:35:27.864 +00:00 [INF] Bucket found: ncaa
2020-12-22 18:35:31.449 +00:00 [INF] Bucket found: watches
2020-12-22 18:35:35.325 +00:00 [INF] Bucket found: favorites
2020-12-22 18:35:40.661 +00:00 [INF] Bucket found: 1440
2020-12-22 18:35:41.197 +00:00 [INF] Bucket found: 1235
2020-12-22 18:35:45.129 +00:00 [INF] Bucket found: tos
2020-12-22 18:35:45.358 +00:00 [INF] Bucket found: 136
2020-12-22 18:35:49.657 +00:00 [INF] Bucket found: hotel
2020-12-22 18:35:49.705 +00:00 [INF] Bucket found: monkeys
2020-12-22 18:35:50.478 +00:00 [INF] Bucket found: listinfo
2020-12-22 18:35:50.596 +00:00 [INF] Bucket found: xslt
2020-12-22 18:35:54.561 +00:00 [INF] Bucket found: brand
2020-12-22 18:35:56.580 +00:00 [INF] Bucket found: psg
2020-12-22 18:35:57.994 +00:00 [INF] Bucket found: livewire
2020-12-22 18:35:59.830 +00:00 [INF] Bucket found: league
2020-12-22 18:36:01.499 +00:00 [INF] Bucket found: cobrand
2020-12-22 18:36:06.976 +00:00 [INF] Bucket found: asin
2020-12-22 18:36:08.652 +00:00 [INF] Bucket found: 165
2020-12-22 18:36:09.852 +00:00 [INF] Bucket found: beijing
2020-12-22 18:36:11.759 +00:00 [INF] Bucket found: 181
2020-12-22 18:36:12.568 +00:00 [INF] Bucket found: san-jose
2020-12-22 18:36:12.796 +00:00 [INF] Bucket found: 150
2020-12-22 18:36:21.509 +00:00 [INF] Bucket found: 130
2020-12-22 18:36:24.944 +00:00 [INF] Bucket found: 174
2020-12-22 18:36:28.350 +00:00 [INF] Bucket found: 1024
2020-12-22 18:36:28.362 +00:00 [INF] Bucket found: the_next_big_thing
2020-12-22 18:36:28.665 +00:00 [INF] Bucket found: stellarium
2020-12-22 18:36:30.995 +00:00 [INF] Bucket found: rfid
2020-12-22 18:36:32.674 +00:00 [INF] Bucket found: join
2020-12-22 18:36:32.842 +00:00 [INF] Bucket found: asp
2020-12-22 18:36:34.677 +00:00 [INF] Bucket found: mirror
2020-12-22 18:36:35.077 +00:00 [INF] Bucket found: 182
2020-12-22 18:36:36.264 +00:00 [INF] Bucket found: 170
2020-12-22 18:36:37.478 +00:00 [INF] Bucket found: pork
2020-12-22 18:36:41.776 +00:00 [INF] Bucket found: 169
2020-12-22 18:36:42.993 +00:00 [INF] Bucket found: versions
2020-12-22 18:36:47.069 +00:00 [INF] Bucket found: 138
2020-12-22 18:36:49.046 +00:00 [INF] Bucket found: 144
2020-12-22 18:36:49.285 +00:00 [INF] Bucket found: 186
2020-12-22 18:36:50.513 +00:00 [INF] Bucket found: 212
2020-12-22 18:36:56.709 +00:00 [INF] Bucket found: bigbrother
2020-12-22 18:36:58.705 +00:00 [INF] Bucket found: reuters
2020-12-22 18:36:59.464 +00:00 [INF] Bucket found: 147
2020-12-22 18:36:59.496 +00:00 [INF] Bucket found: freeb
2020-12-22 18:37:00.703 +00:00 [INF] Bucket found: 2743
2020-12-22 18:37:03.728 +00:00 [INF] Bucket found: shots
2020-12-22 18:37:07.190 +00:00 [INF] Bucket found: ede
2020-12-22 18:37:08.372 +00:00 [INF] Bucket found: tulip
2020-12-22 18:37:10.764 +00:00 [INF] Bucket found: sipp
2020-12-22 18:37:11.238 +00:00 [INF] Bucket found: stun
2020-12-22 18:37:12.179 +00:00 [INF] Bucket found: fandom
2020-12-22 18:37:12.989 +00:00 [INF] Bucket found: pressroom
2020-12-22 18:37:13.276 +00:00 [INF] Bucket found: balsa
2020-12-22 18:37:19.261 +00:00 [INF] Bucket found: 8536
2020-12-22 18:37:22.500 +00:00 [INF] Bucket found: venezia
2020-12-22 18:37:23.204 +00:00 [INF] Bucket found: opinions
2020-12-22 18:37:29.935 +00:00 [INF] Bucket found: 5936
2020-12-22 18:37:36.549 +00:00 [INF] Bucket found: myphotogallery
2020-12-22 18:37:37.610 +00:00 [INF] Bucket found: 119
2020-12-22 18:37:37.655 +00:00 [INF] Bucket found: bradenton
2020-12-22 18:37:37.904 +00:00 [INF] Bucket found: lilypond
2020-12-22 18:37:45.094 +00:00 [INF] Bucket found: spe
2020-12-22 18:37:49.815 +00:00 [INF] Bucket found: 6063
2020-12-22 18:37:55.215 +00:00 [INF] Bucket found: extreme
2020-12-22 18:38:04.362 +00:00 [INF] Bucket found: tfw
2020-12-22 18:38:05.822 +00:00 [INF] Bucket found: 3118
2020-12-22 18:38:11.429 +00:00 [INF] Bucket found: utils
2020-12-22 18:38:18.063 +00:00 [INF] Bucket found: euphoria
2020-12-22 18:38:25.177 +00:00 [INF] Bucket found: ticket
2020-12-22 18:38:27.417 +00:00 [INF] Bucket found: release10
2020-12-22 18:38:27.905 +00:00 [INF] Bucket found: fpc
2020-12-22 18:38:28.277 +00:00 [INF] Bucket found: images2
2020-12-22 18:38:31.048 +00:00 [INF] Bucket found: avp
2020-12-22 18:38:32.090 +00:00 [INF] Bucket found: flw
2020-12-22 18:38:33.901 +00:00 [INF] Bucket found: lightning
2020-12-22 18:38:46.145 +00:00 [INF] Bucket found: persons
2020-12-22 18:38:50.866 +00:00 [INF] Bucket found: upcase
2020-12-22 18:39:05.311 +00:00 [INF] Bucket found: videomaker
2020-12-22 18:39:07.885 +00:00 [INF] Bucket found: 1791
2020-12-22 18:39:11.048 +00:00 [INF] Bucket found: 52688
2020-12-22 18:39:11.856 +00:00 [INF] Bucket found: berkeleydb
2020-12-22 18:39:12.275 +00:00 [INF] Bucket found: 9351
2020-12-22 18:39:14.504 +00:00 [INF] Bucket found: bbla
2020-12-22 18:39:22.519 +00:00 [INF] Bucket found: 1605
2020-12-22 18:39:22.696 +00:00 [INF] Bucket found: securemedia
2020-12-22 18:39:33.087 +00:00 [INF] Bucket found: uic
2020-12-22 18:39:35.686 +00:00 [INF] Bucket found: 6109
2020-12-22 18:39:44.012 +00:00 [INF] Bucket found: gdmap
2020-12-22 18:39:45.868 +00:00 [INF] Bucket found: redfoot
2020-12-22 18:39:47.257 +00:00 [INF] Bucket found: smarth
2020-12-22 18:39:51.200 +00:00 [INF] Bucket found: rants
2020-12-22 18:39:54.800 +00:00 [INF] Bucket found: sander
2020-12-22 18:39:57.547 +00:00 [INF] Bucket found: zing
2020-12-22 18:40:08.003 +00:00 [INF] Bucket found: sec
2020-12-22 18:40:12.962 +00:00 [INF] Bucket found: peers
2020-12-22 18:40:16.166 +00:00 [INF] Bucket found: assignments
2020-12-22 18:40:16.361 +00:00 [INF] Bucket found: rcm
2020-12-22 18:40:21.338 +00:00 [INF] Bucket found: pcmag
2020-12-22 18:40:29.602 +00:00 [INF] Bucket found: gfeed
2020-12-22 18:40:29.930 +00:00 [INF] Bucket found: 460
2020-12-22 18:40:33.052 +00:00 [INF] Bucket found: bounties
2020-12-22 18:40:37.251 +00:00 [INF] Bucket found: washingtonpost
2020-12-22 18:40:37.937 +00:00 [INF] Bucket found: sipsak
2020-12-22 18:40:39.220 +00:00 [INF] Bucket found: newreviews
2020-12-22 18:40:39.490 +00:00 [INF] Bucket found: ccd
2020-12-22 18:40:40.802 +00:00 [INF] Bucket found: nitrogen
2020-12-22 18:40:42.215 +00:00 [INF] Bucket found: crux
2020-12-22 18:40:53.450 +00:00 [INF] Bucket found: specialreports
2020-12-22 18:40:58.811 +00:00 [INF] Bucket found: shapes
2020-12-22 18:41:00.971 +00:00 [INF] Bucket found: mailsteward
2020-12-22 18:41:04.392 +00:00 [INF] Bucket found: glv
2020-12-22 18:41:07.232 +00:00 [INF] Bucket found: manik
2020-12-22 18:41:08.591 +00:00 [INF] Bucket found: credit
2020-12-22 18:41:10.038 +00:00 [INF] Bucket found: gregw
2020-12-22 18:41:15.074 +00:00 [INF] Bucket found: ptech
2020-12-22 18:41:15.432 +00:00 [INF] Bucket found: streamtuner
2020-12-22 18:41:19.678 +00:00 [INF] Bucket found: fuse
2020-12-22 18:41:27.483 +00:00 [INF] Bucket found: locales
2020-12-22 18:41:34.485 +00:00 [INF] Bucket found: sentinel
2020-12-22 18:41:35.657 +00:00 [INF] Bucket found: tinc
2020-12-22 18:41:41.471 +00:00 [INF] Bucket found: calculators
2020-12-22 18:41:56.606 +00:00 [INF] Bucket found: pluk
2020-12-22 18:42:00.362 +00:00 [INF] Bucket found: gfm
2020-12-22 18:42:02.704 +00:00 [INF] Bucket found: nui
2020-12-22 18:42:13.069 +00:00 [INF] Bucket found: musings
2020-12-22 18:42:16.022 +00:00 [INF] Bucket found: beagle
2020-12-22 18:42:17.928 +00:00 [INF] Bucket found: excerpts
2020-12-22 18:42:19.604 +00:00 [INF] Bucket found: soap
2020-12-22 18:42:23.691 +00:00 [INF] Bucket found: handouts
2020-12-22 18:42:25.504 +00:00 [INF] Bucket found: lifestyles
2020-12-22 18:42:27.026 +00:00 [INF] Bucket found: weeklystandard
2020-12-22 18:42:30.308 +00:00 [INF] Bucket found: simplex
2020-12-22 18:42:41.356 +00:00 [INF] Bucket found: saas
2020-12-22 18:42:41.867 +00:00 [INF] Bucket found: contest
2020-12-22 18:42:42.398 +00:00 [INF] Bucket found: economics
2020-12-22 18:42:45.017 +00:00 [INF] Bucket found: inc
2020-12-22 18:42:45.244 +00:00 [INF] Bucket found: mwt
2020-12-22 18:42:46.613 +00:00 [INF] Bucket found: spu
2020-12-22 18:42:46.670 +00:00 [INF] Bucket found: discuss
2020-12-22 18:42:51.860 +00:00 [INF] Bucket found: stills
2020-12-22 18:43:05.445 +00:00 [INF] Bucket found: csm
2020-12-22 18:43:12.225 +00:00 [INF] Bucket found: amd
2020-12-22 18:43:14.117 +00:00 [INF] Bucket found: prev
2020-12-22 18:43:14.588 +00:00 [INF] Bucket found: nickf
2020-12-22 18:43:30.504 +00:00 [INF] Bucket found: nationalinstruments
2020-12-22 18:43:31.814 +00:00 [INF] Bucket found: icq
2020-12-22 18:43:32.304 +00:00 [INF] Bucket found: use
2020-12-22 18:43:35.487 +00:00 [INF] Bucket found: near
2020-12-22 18:43:51.642 +00:00 [INF] Bucket found: ncom
2020-12-22 18:44:01.124 +00:00 [INF] Bucket found: fem
2020-12-22 18:44:01.194 +00:00 [INF] Bucket found: rant
2020-12-22 18:44:07.965 +00:00 [INF] Bucket found: ww1
2020-12-22 18:44:15.115 +00:00 [INF] Bucket found: mis
2020-12-22 18:44:15.186 +00:00 [INF] Bucket found: tariffs
2020-12-22 18:44:15.877 +00:00 [INF] Bucket found: vignette
2020-12-22 18:44:17.524 +00:00 [INF] Bucket found: authoring
2020-12-22 18:44:19.070 +00:00 [INF] Bucket found: skin
2020-12-22 18:44:19.207 +00:00 [INF] Bucket found: cleanup
2020-12-22 18:44:20.905 +00:00 [INF] Bucket found: edelman
2020-12-22 18:44:26.307 +00:00 [INF] Bucket found: cfabookstore
2020-12-22 18:44:27.321 +00:00 [INF] Bucket found: clixgalore
2020-12-22 18:44:29.131 +00:00 [INF] Bucket found: cobb
2020-12-22 18:44:32.567 +00:00 [INF] Bucket found: witsend
2020-12-22 18:44:33.097 +00:00 [INF] Bucket found: toplist
2020-12-22 18:44:37.872 +00:00 [INF] Bucket found: affiliate-marketing
2020-12-22 18:44:38.333 +00:00 [INF] Bucket found: reaching
2020-12-22 18:44:44.367 +00:00 [INF] Bucket found: mediaplayer
2020-12-22 18:44:45.129 +00:00 [INF] Bucket found: cbsnews
2020-12-22 18:44:49.692 +00:00 [INF] Bucket found: world-series
2020-12-22 18:44:50.144 +00:00 [INF] Bucket found: radar
2020-12-22 18:44:55.507 +00:00 [INF] Bucket found: youth
2020-12-22 18:44:55.851 +00:00 [INF] Bucket found: baylor
2020-12-22 18:44:56.260 +00:00 [INF] Bucket found: prod_images
2020-12-22 18:44:57.205 +00:00 [INF] Bucket found: northtexas
2020-12-22 18:44:57.731 +00:00 [INF] Bucket found: oklahoma
2020-12-22 18:44:57.956 +00:00 [INF] Bucket found: mhernandez
2020-12-22 18:44:59.083 +00:00 [INF] Bucket found: soccer
2020-12-22 18:44:59.587 +00:00 [INF] Bucket found: kml
2020-12-22 18:45:01.576 +00:00 [INF] Bucket found: prodimages
2020-12-22 18:45:01.787 +00:00 [INF] Bucket found: einkaufen
2020-12-22 18:45:05.006 +00:00 [INF] Bucket found: ice2
2020-12-22 18:45:06.345 +00:00 [INF] Bucket found: real-estate-agents
2020-12-22 18:45:10.717 +00:00 [INF] Bucket found: menus
2020-12-22 18:45:11.246 +00:00 [INF] Bucket found: yellowtail
2020-12-22 18:45:12.829 +00:00 [INF] Bucket found: purchasing
2020-12-22 18:45:14.836 +00:00 [INF] Bucket found: public_html
2020-12-22 18:45:14.933 +00:00 [INF] Bucket found: jim
2020-12-22 18:45:15.713 +00:00 [INF] Bucket found: swt
2020-12-22 18:45:17.529 +00:00 [INF] Bucket found: ccs
2020-12-22 18:45:18.009 +00:00 [INF] Bucket found: s-c
2020-12-22 18:45:19.081 +00:00 [INF] Bucket found: jams
2020-12-22 18:45:19.366 +00:00 [INF] Bucket found: cen
2020-12-22 18:45:19.393 +00:00 [INF] Bucket found: 017
2020-12-22 18:45:19.854 +00:00 [INF] Bucket found: bikes
2020-12-22 18:45:21.844 +00:00 [INF] Bucket found: anagram
2020-12-22 18:45:22.896 +00:00 [INF] Bucket found: theme-images
2020-12-22 18:45:26.381 +00:00 [INF] Bucket found: imagens
2020-12-22 18:45:27.253 +00:00 [INF] Bucket found: swc
2020-12-22 18:45:31.507 +00:00 [INF] Bucket found: 2710
2020-12-22 18:45:31.574 +00:00 [INF] Bucket found: webhelp
2020-12-22 18:45:36.369 +00:00 [INF] Bucket found: quickstart
2020-12-22 18:45:37.631 +00:00 [INF] Bucket found: pdl
2020-12-22 18:45:41.040 +00:00 [INF] Bucket found: itix
2020-12-22 18:45:47.582 +00:00 [INF] Bucket found: essentials
2020-12-22 18:45:48.192 +00:00 [INF] Bucket found: lodel
2020-12-22 18:45:50.088 +00:00 [INF] Bucket found: otd
2020-12-22 18:45:58.200 +00:00 [INF] Bucket found: tgw
2020-12-22 18:45:58.852 +00:00 [INF] Bucket found: gsb
2020-12-22 18:46:00.799 +00:00 [INF] Bucket found: associations
2020-12-22 18:46:00.957 +00:00 [INF] Bucket found: mma
2020-12-22 18:46:09.086 +00:00 [INF] Bucket found: nuxeo
2020-12-22 18:46:11.079 +00:00 [INF] Bucket found: icapture
2020-12-22 18:46:11.419 +00:00 [INF] Bucket found: gms
2020-12-22 18:46:11.839 +00:00 [INF] Bucket found: eros
2020-12-22 18:46:24.107 +00:00 [INF] Bucket found: kraken
2020-12-22 18:46:26.995 +00:00 [INF] Bucket found: drools
2020-12-22 18:46:32.270 +00:00 [INF] Bucket found: globus
2020-12-22 18:46:47.444 +00:00 [INF] Bucket found: nacs
2020-12-22 18:46:50.707 +00:00 [INF] Bucket found: cosign
2020-12-22 18:46:52.246 +00:00 [INF] Bucket found: newsmakers
2020-12-22 18:46:59.063 +00:00 [INF] Bucket found: cool-stuff
2020-12-22 18:46:59.064 +00:00 [INF] Bucket found: atmosphere
2020-12-22 18:47:03.050 +00:00 [INF] Bucket found: ww3
2020-12-22 18:47:06.346 +00:00 [INF] Bucket found: argus
2020-12-22 18:47:11.426 +00:00 [INF] Bucket found: freeware
2020-12-22 18:47:13.394 +00:00 [INF] Bucket found: workbench
2020-12-22 18:47:14.078 +00:00 [INF] Bucket found: aces
2020-12-22 18:47:14.145 +00:00 [INF] Bucket found: ccf
2020-12-22 18:47:14.758 +00:00 [INF] Bucket found: customer-images
2020-12-22 18:47:14.882 +00:00 [INF] Bucket found: homesteading
2020-12-22 18:47:18.476 +00:00 [INF] Bucket found: logout
2020-12-22 18:47:19.138 +00:00 [INF] Bucket found: compression
2020-12-22 18:47:21.765 +00:00 [INF] Bucket found: patron
2020-12-22 18:47:30.756 +00:00 [INF] Bucket found: lawsuit
2020-12-22 18:47:31.121 +00:00 [INF] Bucket found: joelw
2020-12-22 18:47:40.533 +00:00 [INF] Bucket found: make-money
2020-12-22 18:47:50.928 +00:00 [INF] Bucket found: psshowcase
2020-12-22 18:47:57.073 +00:00 [INF] Bucket found: idtheft
2020-12-22 18:48:01.772 +00:00 [INF] Bucket found: security-services
2020-12-22 18:48:04.144 +00:00 [INF] Bucket found: outlines
2020-12-22 18:48:04.681 +00:00 [INF] Bucket found: hipaa
2020-12-22 18:48:05.056 +00:00 [INF] Bucket found: mobilenews
2020-12-22 18:48:06.544 +00:00 [INF] Bucket found: dice
2020-12-22 18:48:07.555 +00:00 [INF] Bucket found: mason
2020-12-22 18:48:09.984 +00:00 [INF] Bucket found: waimages
2020-12-22 18:48:10.793 +00:00 [INF] Bucket found: rss2email
2020-12-22 18:48:14.044 +00:00 [INF] Bucket found: kcc
2020-12-22 18:48:14.878 +00:00 [INF] Bucket found: bypass
2020-12-22 18:48:19.264 +00:00 [INF] Bucket found: linux-os
2020-12-22 18:48:20.826 +00:00 [INF] Bucket found: exploit
2020-12-22 18:48:26.206 +00:00 [INF] Bucket found: proxybuster
2020-12-22 18:48:29.076 +00:00 [INF] Bucket found: screen-capture
2020-12-22 18:48:33.725 +00:00 [INF] Bucket found: presskit
2020-12-22 18:48:49.971 +00:00 [INF] Bucket found: burningman
2020-12-22 18:48:50.497 +00:00 [INF] Bucket found: 320
2020-12-22 18:48:51.503 +00:00 [INF] Bucket found: otw
2020-12-22 18:48:53.086 +00:00 [INF] Bucket found: arp
2020-12-22 18:49:01.707 +00:00 [INF] Bucket found: rsa
2020-12-22 18:49:03.306 +00:00 [INF] Bucket found: mmedia
2020-12-22 18:49:04.403 +00:00 [INF] Bucket found: certifications
2020-12-22 18:49:08.062 +00:00 [INF] Bucket found: slide
2020-12-22 18:49:11.047 +00:00 [INF] Bucket found: heartland
2020-12-22 18:49:17.476 +00:00 [INF] Bucket found: businesslicense
2020-12-22 18:49:20.718 +00:00 [INF] Bucket found: ex01
2020-12-22 18:49:20.906 +00:00 [INF] Bucket found: 403
2020-12-22 18:49:25.694 +00:00 [INF] Bucket found: ping
2020-12-22 18:49:28.067 +00:00 [INF] Bucket found: stools
2020-12-22 18:49:28.454 +00:00 [INF] Bucket found: plist
2020-12-22 18:49:29.183 +00:00 [INF] Bucket found: edmonds
2020-12-22 18:49:29.218 +00:00 [INF] Bucket found: forum1
2020-12-22 18:49:29.942 +00:00 [INF] Bucket found: wpp
2020-12-22 18:49:31.368 +00:00 [INF] Bucket found: twm
2020-12-22 18:49:37.514 +00:00 [INF] Bucket found: efs
2020-12-22 18:49:39.626 +00:00 [INF] Bucket found: nis
2020-12-22 18:49:40.502 +00:00 [INF] Bucket found: cargo
2020-12-22 18:49:44.522 +00:00 [INF] Bucket found: wwp2
2020-12-22 18:49:51.991 +00:00 [INF] Bucket found: itw
2020-12-22 18:49:55.941 +00:00 [INF] Bucket found: poi
2020-12-22 18:49:58.027 +00:00 [INF] Bucket found: programy
2020-12-22 18:49:58.491 +00:00 [INF] Bucket found: csc
2020-12-22 18:49:59.114 +00:00 [INF] Bucket found: evaluation
2020-12-22 18:50:02.715 +00:00 [INF] Bucket found: orientation
2020-12-22 18:50:03.483 +00:00 [INF] Bucket found: screensaver
2020-12-22 18:50:03.972 +00:00 [INF] Bucket found: pict
2020-12-22 18:50:08.328 +00:00 [INF] Bucket found: softwar
2020-12-22 18:50:09.306 +00:00 [INF] Bucket found: mac-osx
2020-12-22 18:50:09.865 +00:00 [INF] Bucket found: timing
2020-12-22 18:50:11.402 +00:00 [INF] Bucket found: mwi
2020-12-22 18:50:12.136 +00:00 [INF] Bucket found: resource_files
2020-12-22 18:50:13.117 +00:00 [INF] Bucket found: technews
2020-12-22 18:50:13.363 +00:00 [INF] Bucket found: dpi
2020-12-22 18:50:13.847 +00:00 [INF] Bucket found: seminar
2020-12-22 18:50:14.418 +00:00 [INF] Bucket found: fcw
2020-12-22 18:50:17.162 +00:00 [INF] Bucket found: concepts
2020-12-22 18:50:18.333 +00:00 [INF] Bucket found: smo
2020-12-22 18:50:20.640 +00:00 [INF] Bucket found: freedomwire
2020-12-22 18:50:20.762 +00:00 [INF] Bucket found: sapphire
2020-12-22 18:50:21.022 +00:00 [INF] Bucket found: ndu
2020-12-22 18:50:21.301 +00:00 [INF] Bucket found: chiefs
2020-12-22 18:50:30.439 +00:00 [INF] Bucket found: clickit
2020-12-22 18:50:32.227 +00:00 [INF] Bucket found: exports
2020-12-22 18:50:34.942 +00:00 [INF] Bucket found: liaison
2020-12-22 18:50:35.368 +00:00 [INF] Bucket found: cabinets
2020-12-22 18:50:38.887 +00:00 [INF] Bucket found: scp
2020-12-22 18:50:40.850 +00:00 [INF] Bucket found: new-orleans
2020-12-22 18:50:41.106 +00:00 [INF] Bucket found: utah
2020-12-22 18:50:44.362 +00:00 [INF] Bucket found: column5
2020-12-22 18:50:44.659 +00:00 [INF] Bucket found: ida
2020-12-22 18:50:45.303 +00:00 [INF] Bucket found: eap
2020-12-22 18:50:47.419 +00:00 [INF] Bucket found: santa-clara-county
2020-12-22 18:50:48.272 +00:00 [INF] Bucket found: link-exchange
2020-12-22 18:50:49.191 +00:00 [INF] Bucket found: kansas
2020-12-22 18:50:59.482 +00:00 [INF] Bucket found: coverimages
2020-12-22 18:50:59.955 +00:00 [INF] Bucket found: productimages
2020-12-22 18:51:00.626 +00:00 [INF] Bucket found: ftc
2020-12-22 18:51:01.418 +00:00 [INF] Bucket found: laws
2020-12-22 18:51:04.846 +00:00 [INF] Bucket found: recursos
2020-12-22 18:51:05.834 +00:00 [INF] Bucket found: piehole
2020-12-22 18:51:07.938 +00:00 [INF] Bucket found: mswanson
2020-12-22 18:51:08.444 +00:00 [INF] Bucket found: camcorders
2020-12-22 18:51:15.086 +00:00 [INF] Bucket found: kitchen
2020-12-22 18:51:17.786 +00:00 [INF] Bucket found: itri
2020-12-22 18:51:19.826 +00:00 [INF] Bucket found: strollers
2020-12-22 18:51:21.840 +00:00 [INF] Bucket found: 7256
2020-12-22 18:51:26.817 +00:00 [INF] Bucket found: atwork
2020-12-22 18:51:28.199 +00:00 [INF] Bucket found: shareit
2020-12-22 18:51:29.870 +00:00 [INF] Bucket found: poe
2020-12-22 18:51:35.614 +00:00 [INF] Bucket found: cnbc
2020-12-22 18:51:38.554 +00:00 [INF] Bucket found: lans
2020-12-22 18:51:43.214 +00:00 [INF] Bucket found: bel
2020-12-22 18:51:51.586 +00:00 [INF] Bucket found: past
2020-12-22 18:52:09.368 +00:00 [INF] Bucket found: nea
2020-12-22 18:52:11.324 +00:00 [INF] Bucket found: senator
2020-12-22 18:52:14.800 +00:00 [INF] Bucket found: nieuws
2020-12-22 18:52:18.866 +00:00 [INF] Bucket found: award
2020-12-22 18:52:20.530 +00:00 [INF] Bucket found: winners
2020-12-22 18:52:21.845 +00:00 [INF] Bucket found: envision
2020-12-22 18:52:23.945 +00:00 [INF] Bucket found: mgs
2020-12-22 18:52:24.364 +00:00 [INF] Bucket found: gator
2020-12-22 18:52:25.210 +00:00 [INF] Bucket found: annual-report
2020-12-22 18:52:26.590 +00:00 [INF] Bucket found: 0305
2020-12-22 18:52:27.206 +00:00 [INF] Bucket found: v12
2020-12-22 18:52:30.745 +00:00 [INF] Bucket found: mags
2020-12-22 18:52:33.720 +00:00 [INF] Bucket found: cwc
2020-12-22 18:52:44.207 +00:00 [INF] Bucket found: metrics
2020-12-22 18:52:44.855 +00:00 [INF] Bucket found: writeon
2020-12-22 18:52:47.847 +00:00 [INF] Bucket found: ilm
2020-12-22 18:53:01.059 +00:00 [INF] Bucket found: webpassword
2020-12-22 18:53:03.143 +00:00 [INF] Bucket found: rnp
2020-12-22 18:53:05.776 +00:00 [INF] Bucket found: globaltrade
2020-12-22 18:53:05.971 +00:00 [INF] Bucket found: portada
2020-12-22 18:53:07.576 +00:00 [INF] Bucket found: point-of-sale
2020-12-22 18:53:09.238 +00:00 [INF] Bucket found: mops
2020-12-22 18:53:12.739 +00:00 [INF] Bucket found: webpublishing
2020-12-22 18:53:13.890 +00:00 [INF] Bucket found: gwm
2020-12-22 18:53:16.187 +00:00 [INF] Bucket found: inside-the-box
2020-12-22 18:53:16.204 +00:00 [INF] Bucket found: cmo
2020-12-22 18:53:17.839 +00:00 [INF] Bucket found: case-studies
2020-12-22 18:53:27.085 +00:00 [INF] Bucket found: rewards
2020-12-22 18:53:28.891 +00:00 [INF] Bucket found: zztop
2020-12-22 18:53:33.269 +00:00 [INF] Bucket found: snes
2020-12-22 18:53:34.160 +00:00 [INF] Bucket found: 527
2020-12-22 18:53:34.693 +00:00 [INF] Bucket found: subrosa
2020-12-22 18:53:35.830 +00:00 [INF] Bucket found: mariah
2020-12-22 18:53:37.341 +00:00 [INF] Bucket found: tina
2020-12-22 18:53:39.804 +00:00 [INF] Bucket found: jeopardy
2020-12-22 18:53:44.108 +00:00 [INF] Bucket found: mighty
2020-12-22 18:53:44.119 +00:00 [INF] Bucket found: post2
2020-12-22 18:53:51.360 +00:00 [INF] Bucket found: pirates
2020-12-22 18:53:55.521 +00:00 [INF] Bucket found: membres
2020-12-22 18:53:59.309 +00:00 [INF] Bucket found: inquiry
2020-12-22 18:54:01.071 +00:00 [INF] Bucket found: rampart
2020-12-22 18:54:01.789 +00:00 [INF] Bucket found: abc
2020-12-22 18:54:02.463 +00:00 [INF] Bucket found: ips
2020-12-22 18:54:06.930 +00:00 [INF] Bucket found: providers
2020-12-22 18:54:07.491 +00:00 [INF] Bucket found: pci
2020-12-22 18:54:09.419 +00:00 [INF] Bucket found: ppa
2020-12-22 18:54:10.141 +00:00 [INF] Bucket found: protest
2020-12-22 18:54:10.674 +00:00 [INF] Bucket found: dykim
2020-12-22 18:54:17.659 +00:00 [INF] Bucket found: cipa
2020-12-22 18:54:18.099 +00:00 [INF] Bucket found: netizen
2020-12-22 18:54:24.474 +00:00 [INF] Bucket found: 1504
2020-12-22 18:54:28.322 +00:00 [INF] Bucket found: 714
2020-12-22 18:54:28.911 +00:00 [INF] Bucket found: 2711
2020-12-22 18:54:32.118 +00:00 [INF] Bucket found: 5892
2020-12-22 18:54:34.262 +00:00 [INF] Bucket found: 5380
2020-12-22 18:54:36.209 +00:00 [INF] Bucket found: 5258
2020-12-22 18:54:38.202 +00:00 [INF] Bucket found: 5742
2020-12-22 18:54:41.269 +00:00 [INF] Bucket found: 5707
2020-12-22 18:54:42.378 +00:00 [INF] Bucket found: 2125
2020-12-22 18:54:45.125 +00:00 [INF] Bucket found: 1952
2020-12-22 18:54:52.194 +00:00 [INF] Bucket found: 5873
2020-12-22 18:54:52.763 +00:00 [INF] Bucket found: 2110
2020-12-22 18:54:53.848 +00:00 [INF] Bucket found: 3296
2020-12-22 18:54:54.562 +00:00 [INF] Bucket found: 5087
2020-12-22 18:54:55.553 +00:00 [INF] Bucket found: 6019
2020-12-22 18:54:55.567 +00:00 [INF] Bucket found: 502
2020-12-22 18:54:56.271 +00:00 [INF] Bucket found: 4371
2020-12-22 18:55:02.860 +00:00 [INF] Bucket found: 3738
2020-12-22 18:55:03.726 +00:00 [INF] Bucket found: 4583
2020-12-22 18:55:06.132 +00:00 [INF] Bucket found: 2009
2020-12-22 18:55:10.701 +00:00 [INF] Bucket found: 2899
2020-12-22 18:55:13.381 +00:00 [INF] Bucket found: 4088
2020-12-22 18:55:14.077 +00:00 [INF] Bucket found: 455
2020-12-22 18:55:16.077 +00:00 [INF] Bucket found: 2859
2020-12-22 18:55:17.564 +00:00 [INF] Bucket found: 5281
2020-12-22 18:55:17.605 +00:00 [INF] Bucket found: 4510
2020-12-22 18:55:20.404 +00:00 [INF] Bucket found: 4918
2020-12-22 18:55:21.209 +00:00 [INF] Bucket found: 4027
2020-12-22 18:55:22.570 +00:00 [INF] Bucket found: 3419
2020-12-22 18:55:27.001 +00:00 [INF] Bucket found: 1776
2020-12-22 18:55:29.333 +00:00 [INF] Bucket found: 3531
2020-12-22 18:55:32.653 +00:00 [INF] Bucket found: 1950
2020-12-22 18:55:35.097 +00:00 [INF] Bucket found: 6022
2020-12-22 18:55:36.881 +00:00 [INF] Bucket found: 3968
2020-12-22 18:55:45.244 +00:00 [INF] Bucket found: 4409
2020-12-22 18:55:46.165 +00:00 [INF] Bucket found: 2983
2020-12-22 18:55:47.208 +00:00 [INF] Bucket found: 4311
2020-12-22 18:55:47.253 +00:00 [INF] Bucket found: 1273
2020-12-22 18:55:50.556 +00:00 [INF] Bucket found: 3512
2020-12-22 18:55:52.750 +00:00 [INF] Bucket found: 4796
2020-12-22 18:55:59.606 +00:00 [INF] Bucket found: 515
2020-12-22 18:56:00.097 +00:00 [INF] Bucket found: 4598
2020-12-22 18:56:09.882 +00:00 [INF] Bucket found: 4591
2020-12-22 18:56:15.561 +00:00 [INF] Bucket found: 5473
2020-12-22 18:56:16.257 +00:00 [INF] Bucket found: 2762
2020-12-22 18:56:21.110 +00:00 [INF] Bucket found: 4000
2020-12-22 18:56:21.110 +00:00 [INF] Bucket found: 3830
2020-12-22 18:56:21.354 +00:00 [INF] Bucket found: 5210
2020-12-22 18:56:33.953 +00:00 [INF] Bucket found: 1532
2020-12-22 18:56:33.993 +00:00 [INF] Bucket found: 805
2020-12-22 18:56:41.796 +00:00 [INF] Bucket found: 2650
2020-12-22 18:56:42.099 +00:00 [INF] Bucket found: 1111
2020-12-22 18:56:42.676 +00:00 [INF] Bucket found: 4570
2020-12-22 18:56:42.988 +00:00 [INF] Bucket found: 2829
2020-12-22 18:56:53.399 +00:00 [INF] Bucket found: 4270
2020-12-22 18:56:54.496 +00:00 [INF] Bucket found: 1434
2020-12-22 18:56:58.158 +00:00 [INF] Bucket found: 6039
2020-12-22 18:56:59.989 +00:00 [INF] Bucket found: 3031
2020-12-22 18:57:02.105 +00:00 [INF] Bucket found: 6026
2020-12-22 18:57:02.601 +00:00 [INF] Bucket found: 2627
2020-12-22 18:57:06.155 +00:00 [INF] Bucket found: 6003
2020-12-22 18:57:07.128 +00:00 [INF] Bucket found: 4468
2020-12-22 18:57:08.345 +00:00 [INF] Bucket found: 6069
2020-12-22 18:57:08.989 +00:00 [INF] Bucket found: 5897
2020-12-22 18:57:09.296 +00:00 [INF] Bucket found: 3606
2020-12-22 18:57:09.845 +00:00 [INF] Bucket found: 4038
2020-12-22 18:57:11.193 +00:00 [INF] Bucket found: 2832
2020-12-22 18:57:12.032 +00:00 [INF] Bucket found: 1610
2020-12-22 18:57:12.305 +00:00 [INF] Bucket found: 5070
2020-12-22 18:57:16.377 +00:00 [INF] Bucket found: 1357
2020-12-22 18:57:21.920 +00:00 [INF] Bucket found: 3569
2020-12-22 18:57:22.860 +00:00 [INF] Bucket found: 4920
2020-12-22 18:57:58.066 +00:00 [INF] Bucket found: silence
2020-12-22 18:57:59.606 +00:00 [INF] Bucket found: sterling
2020-12-22 18:58:07.088 +00:00 [INF] Bucket found: evergreen
2020-12-22 18:58:07.595 +00:00 [INF] Bucket found: twincities
2020-12-22 18:58:09.161 +00:00 [INF] Bucket found: disinfection
2020-12-22 18:58:14.732 +00:00 [INF] Bucket found: experian
2020-12-22 18:58:15.802 +00:00 [INF] Bucket found: cicero
2020-12-22 18:58:17.169 +00:00 [INF] Bucket found: tla
2020-12-22 18:58:20.634 +00:00 [INF] Bucket found: nana
2020-12-22 18:58:22.880 +00:00 [INF] Bucket found: bulletproof
2020-12-22 18:58:25.401 +00:00 [INF] Bucket found: formacion
2020-12-22 18:58:34.523 +00:00 [INF] Bucket found: ourstory
2020-12-22 18:58:34.795 +00:00 [INF] Bucket found: besafe
2020-12-22 18:58:35.411 +00:00 [INF] Bucket found: pitching
2020-12-22 18:58:36.671 +00:00 [INF] Bucket found: ica
2020-12-22 18:58:41.612 +00:00 [INF] Bucket found: p49
2020-12-22 18:58:42.023 +00:00 [INF] Bucket found: airpower
2020-12-22 18:58:44.732 +00:00 [INF] Bucket found: 5th-dimension
2020-12-22 18:58:48.023 +00:00 [INF] Bucket found: janes
2020-12-22 18:58:48.936 +00:00 [INF] Bucket found: cbo
2020-12-22 18:58:51.321 +00:00 [INF] Bucket found: www7
2020-12-22 18:58:52.171 +00:00 [INF] Bucket found: jsq
2020-12-22 18:58:52.483 +00:00 [INF] Bucket found: mmq
2020-12-22 18:58:57.071 +00:00 [INF] Bucket found: ssurvey
2020-12-22 18:58:59.002 +00:00 [INF] Bucket found: webtraffic
2020-12-22 18:59:03.114 +00:00 [INF] Bucket found: forsale
2020-12-22 18:59:04.716 +00:00 [INF] Bucket found: imagenes
2020-12-22 18:59:09.090 +00:00 [INF] Bucket found: era
2020-12-22 18:59:12.598 +00:00 [INF] Bucket found: spam-response
2020-12-22 18:59:12.683 +00:00 [INF] Bucket found: grow
2020-12-22 18:59:14.079 +00:00 [INF] Bucket found: premiere
2020-12-22 18:59:14.111 +00:00 [INF] Bucket found: pbt
2020-12-22 18:59:21.522 +00:00 [INF] Bucket found: rmx
2020-12-22 18:59:22.970 +00:00 [INF] Bucket found: pris
2020-12-22 18:59:27.710 +00:00 [INF] Bucket found: internetbanking
2020-12-22 18:59:28.806 +00:00 [INF] Bucket found: banned
2020-12-22 18:59:36.344 +00:00 [INF] Bucket found: press-releases
2020-12-22 18:59:36.786 +00:00 [INF] Bucket found: spammer
2020-12-22 18:59:45.889 +00:00 [INF] Bucket found: surv
2020-12-22 18:59:46.979 +00:00 [INF] Bucket found: freebies
2020-12-22 18:59:50.971 +00:00 [INF] Bucket found: unsupported
2020-12-22 18:59:52.528 +00:00 [INF] Bucket found: poc01
2020-12-22 18:59:54.277 +00:00 [INF] Bucket found: travelhome
2020-12-22 18:59:55.633 +00:00 [INF] Bucket found: oscon
2020-12-22 19:00:02.646 +00:00 [INF] Bucket found: maillist
2020-12-22 19:00:03.978 +00:00 [INF] Bucket found: motorola
2020-12-22 19:00:06.762 +00:00 [INF] Bucket found: niemeyer
2020-12-22 19:00:10.858 +00:00 [INF] Bucket found: monologue
2020-12-22 19:00:13.054 +00:00 [INF] Bucket found: techtalks
2020-12-22 19:00:13.909 +00:00 [INF] Bucket found: plog
2020-12-22 19:00:15.127 +00:00 [INF] Bucket found: usss
2020-12-22 19:00:17.833 +00:00 [INF] Bucket found: instant
2020-12-22 19:00:19.709 +00:00 [INF] Bucket found: rgs
2020-12-22 19:00:22.762 +00:00 [INF] Bucket found: clr
2020-12-22 19:00:30.504 +00:00 [INF] Bucket found: vomit
2020-12-22 19:00:30.832 +00:00 [INF] Bucket found: const
2020-12-22 19:00:37.002 +00:00 [INF] Bucket found: superagent
2020-12-22 19:00:43.359 +00:00 [INF] Bucket found: las-vegas-nv
2020-12-22 19:00:45.805 +00:00 [INF] Bucket found: routing
2020-12-22 19:00:48.891 +00:00 [INF] Bucket found: sonyericsson
2020-12-22 19:00:57.452 +00:00 [INF] Bucket found: kaya
2020-12-22 19:00:57.704 +00:00 [INF] Bucket found: feast
2020-12-22 19:01:00.796 +00:00 [INF] Bucket found: noscript
2020-12-22 19:01:06.071 +00:00 [INF] Bucket found: yoyo
2020-12-22 19:01:12.083 +00:00 [INF] Bucket found: meinc
2020-12-22 19:01:20.314 +00:00 [INF] Bucket found: index_images
2020-12-22 19:01:23.632 +00:00 [INF] Bucket found: annex
2020-12-22 19:01:28.267 +00:00 [INF] Bucket found: nrl
2020-12-22 19:01:30.222 +00:00 [INF] Bucket found: healthwise
2020-12-22 19:01:32.958 +00:00 [INF] Bucket found: lectureseries
2020-12-22 19:01:40.459 +00:00 [INF] Bucket found: downloadmanagers
2020-12-22 19:01:41.380 +00:00 [INF] Bucket found: flow
2020-12-22 19:01:56.490 +00:00 [INF] Bucket found: majestic
