2020-12-22 17:34:22.617 +00:00 [VRB] Started SANS Holiday Hack, December 2020
2020-12-22 17:34:22.636 +00:00 [VRB] Using CTF runner 0.1.0-alpha.18
2020-12-22 17:34:22.639 +00:00 [VRB] Running challange S3
2020-12-22 17:34:22.644 +00:00 [VRB] Reading embedded Dictionary.embedded.gz
2020-12-22 17:34:28.291 +00:00 [INF] -
2020-12-22 17:34:28.598 +00:00 [INF] !
2020-12-22 17:34:28.790 +00:00 [INF] !!!
2020-12-22 17:34:28.984 +00:00 [INF] !!!!!!!!!!!!get+free+gifts+just+like+freeipods
2020-12-22 17:34:29.177 +00:00 [INF] !!!!!!!!!!!get+free+gifts+just+like+freeipods
2020-12-22 17:34:29.373 +00:00 [INF] !!!!!!!!!!get+free+gifts+just+like+freeipods
2020-12-22 17:34:29.566 +00:00 [INF] !!!new!!!+-+bejeweled+ver1
2020-12-22 17:34:29.760 +00:00 [INF] !!!rus+vechi
2020-12-22 17:34:29.957 +00:00 [INF] !!!trance+arena!!!
2020-12-22 17:34:30.166 +00:00 [INF] !!all_compress
2020-12-22 17:34:30.369 +00:00 [INF] !!gb64+torrent
2020-12-22 17:34:30.571 +00:00 [INF] !!super+funny!!+pixar+-+karate+cow
2020-12-22 17:34:30.770 +00:00 [INF] !!ut2004!!
2020-12-22 17:34:30.958 +00:00 [INF] !_pornoamateurs
2020-12-22 17:34:31.154 +00:00 [INF] !+cabella%27s+big+game+hunter+-+alaskan+adventure
2020-12-22 17:34:31.354 +00:00 [INF] !+smartripper+2
2020-12-22 17:34:31.546 +00:00 [INF] !1_pgaccount-9
2020-12-22 17:34:31.740 +00:00 [INF] !atuner
2020-12-22 17:34:31.933 +00:00 [INF] !bn
2020-12-22 17:34:32.120 +00:00 [INF] !canadian+speedcore+resistance
2020-12-22 17:34:32.318 +00:00 [INF] !checked+ok!
2020-12-22 17:34:32.505 +00:00 [INF] !community
2020-12-22 17:34:32.699 +00:00 [INF] !dl
2020-12-22 17:34:32.891 +00:00 [INF] !favs
2020-12-22 17:34:33.082 +00:00 [INF] !fracdim
2020-12-22 17:34:33.268 +00:00 [INF] !help
2020-12-22 17:34:33.465 +00:00 [INF] !hippie
2020-12-22 17:34:33.666 +00:00 [INF] !index!
2020-12-22 17:34:33.878 +00:00 [INF] !instalka+high+grow!
2020-12-22 17:34:34.074 +00:00 [INF] !kup
2020-12-22 17:34:34.261 +00:00 [INF] !mobilt
