2020-12-22 18:20:15.346 +00:00 [VRB] Started SANS Holiday Hack, December 2020
2020-12-22 18:20:15.365 +00:00 [VRB] Using CTF runner 0.1.0-alpha.18
2020-12-22 18:20:15.367 +00:00 [VRB] Running challange S3
2020-12-22 18:20:15.375 +00:00 [VRB] Reading embedded Dictionary.embedded.gz
2020-12-22 18:20:17.106 +00:00 [FTL] Bucket go: The operation has timed out.
System.Net.WebException: The operation has timed out.
   at System.Net.HttpWebRequest.GetResponse()
   at System.Net.WebClient.GetWebResponse(WebRequest request)
   at System.Net.WebClient.OpenRead(Uri address)
   at System.Net.WebClient.OpenRead(String address)
   at Janda.CTF.SANS.HolidayHack.S3.<>c__DisplayClass4_0.<Run>b__1(String word) in C:\Users\Matt\Source\Repos\Janda\CTFs\Janda.CTF.SANS.HolidayHack\src\December2020\Challenges\Amazon\S3.cs:line 46
2020-12-22 18:20:17.923 +00:00 [FTL] Bucket talk: The operation has timed out.
System.Net.WebException: The operation has timed out.
   at System.Net.HttpWebRequest.GetResponse()
   at System.Net.WebClient.GetWebResponse(WebRequest request)
   at System.Net.WebClient.OpenRead(Uri address)
   at System.Net.WebClient.OpenRead(String address)
   at Janda.CTF.SANS.HolidayHack.S3.<>c__DisplayClass4_0.<Run>b__1(String word) in C:\Users\Matt\Source\Repos\Janda\CTFs\Janda.CTF.SANS.HolidayHack\src\December2020\Challenges\Amazon\S3.cs:line 46
2020-12-22 18:20:18.109 +00:00 [FTL] Bucket whereilive: The operation has timed out.
System.Net.WebException: The operation has timed out.
   at System.Net.HttpWebRequest.GetResponse()
   at System.Net.WebClient.GetWebResponse(WebRequest request)
   at System.Net.WebClient.OpenRead(Uri address)
   at System.Net.WebClient.OpenRead(String address)
   at Janda.CTF.SANS.HolidayHack.S3.<>c__DisplayClass4_0.<Run>b__1(String word) in C:\Users\Matt\Source\Repos\Janda\CTFs\Janda.CTF.SANS.HolidayHack\src\December2020\Challenges\Amazon\S3.cs:line 46
2020-12-22 18:20:18.116 +00:00 [FTL] Bucket homepage: The operation has timed out.
System.Net.WebException: The operation has timed out.
   at System.Net.HttpWebRequest.GetResponse()
   at System.Net.WebClient.GetWebResponse(WebRequest request)
   at System.Net.WebClient.OpenRead(Uri address)
   at System.Net.WebClient.OpenRead(String address)
   at Janda.CTF.SANS.HolidayHack.S3.<>c__DisplayClass4_0.<Run>b__1(String word) in C:\Users\Matt\Source\Repos\Janda\CTFs\Janda.CTF.SANS.HolidayHack\src\December2020\Challenges\Amazon\S3.cs:line 46
2020-12-22 18:20:18.932 +00:00 [WRN] Something is wrong. Bucket {word} is open was returned as not found.
2020-12-22 18:20:20.145 +00:00 [FTL] Bucket kid: The operation has timed out.
System.Net.WebException: The operation has timed out.
   at System.Net.HttpWebRequest.GetResponse()
   at System.Net.WebClient.GetWebResponse(WebRequest request)
   at System.Net.WebClient.OpenRead(Uri address)
   at System.Net.WebClient.OpenRead(String address)
   at Janda.CTF.SANS.HolidayHack.S3.<>c__DisplayClass4_0.<Run>b__1(String word) in C:\Users\Matt\Source\Repos\Janda\CTFs\Janda.CTF.SANS.HolidayHack\src\December2020\Challenges\Amazon\S3.cs:line 46
2020-12-22 18:20:20.146 +00:00 [FTL] Bucket e-commerce: The operation has timed out.
System.Net.WebException: The operation has timed out.
   at System.Net.HttpWebRequest.GetResponse()
   at System.Net.WebClient.GetWebResponse(WebRequest request)
   at System.Net.WebClient.OpenRead(Uri address)
   at System.Net.WebClient.OpenRead(String address)
   at Janda.CTF.SANS.HolidayHack.S3.<>c__DisplayClass4_0.<Run>b__1(String word) in C:\Users\Matt\Source\Repos\Janda\CTFs\Janda.CTF.SANS.HolidayHack\src\December2020\Challenges\Amazon\S3.cs:line 46
2020-12-22 18:20:20.147 +00:00 [FTL] Bucket your_money: The operation has timed out.
System.Net.WebException: The operation has timed out.
   at System.Net.HttpWebRequest.GetResponse()
   at System.Net.WebClient.GetWebResponse(WebRequest request)
   at System.Net.WebClient.OpenRead(Uri address)
   at System.Net.WebClient.OpenRead(String address)
   at Janda.CTF.SANS.HolidayHack.S3.<>c__DisplayClass4_0.<Run>b__1(String word) in C:\Users\Matt\Source\Repos\Janda\CTFs\Janda.CTF.SANS.HolidayHack\src\December2020\Challenges\Amazon\S3.cs:line 46
2020-12-22 18:20:20.160 +00:00 [FTL] Bucket cbeebies: The operation has timed out.
System.Net.WebException: The operation has timed out.
   at System.Net.HttpWebRequest.GetResponse()
   at System.Net.WebClient.GetWebResponse(WebRequest request)
   at System.Net.WebClient.OpenRead(Uri address)
   at System.Net.WebClient.OpenRead(String address)
   at Janda.CTF.SANS.HolidayHack.S3.<>c__DisplayClass4_0.<Run>b__1(String word) in C:\Users\Matt\Source\Repos\Janda\CTFs\Janda.CTF.SANS.HolidayHack\src\December2020\Challenges\Amazon\S3.cs:line 46
