2020-12-22 17:46:44.025 +00:00 [VRB] Started SANS Holiday Hack, December 2020
2020-12-22 17:46:44.044 +00:00 [VRB] Using CTF runner 0.1.0-alpha.18
2020-12-22 17:46:44.047 +00:00 [VRB] Running challange S3
2020-12-22 17:46:44.052 +00:00 [VRB] Reading embedded Dictionary.embedded.gz
2020-12-22 17:46:44.215 +00:00 [FTL] The operation has timed out.
System.Net.WebException: The operation has timed out.
   at System.Net.HttpWebRequest.GetResponse()
   at System.Net.WebClient.GetWebResponse(WebRequest request)
   at System.Net.WebClient.OpenRead(Uri address)
   at System.Net.WebClient.OpenRead(String address)
   at Janda.CTF.SANS.HolidayHack.S3.Run() in C:\Users\Matt\Source\Repos\Janda\CTFs\Janda.CTF.SANS.HolidayHack\src\December2020\Challenges\Amazon\S3.cs:line 43
2020-12-22 17:46:44.370 +00:00 [FTL] The operation has timed out.
System.Net.WebException: The operation has timed out.
   at System.Net.HttpWebRequest.GetResponse()
   at System.Net.WebClient.GetWebResponse(WebRequest request)
   at System.Net.WebClient.OpenRead(Uri address)
   at System.Net.WebClient.OpenRead(String address)
   at Janda.CTF.SANS.HolidayHack.S3.Run() in C:\Users\Matt\Source\Repos\Janda\CTFs\Janda.CTF.SANS.HolidayHack\src\December2020\Challenges\Amazon\S3.cs:line 43
2020-12-22 17:46:44.487 +00:00 [FTL] The operation has timed out.
System.Net.WebException: The operation has timed out.
   at System.Net.HttpWebRequest.GetResponse()
   at System.Net.WebClient.GetWebResponse(WebRequest request)
   at System.Net.WebClient.OpenRead(Uri address)
   at System.Net.WebClient.OpenRead(String address)
   at Janda.CTF.SANS.HolidayHack.S3.Run() in C:\Users\Matt\Source\Repos\Janda\CTFs\Janda.CTF.SANS.HolidayHack\src\December2020\Challenges\Amazon\S3.cs:line 43
2020-12-22 17:46:44.596 +00:00 [FTL] The operation has timed out.
System.Net.WebException: The operation has timed out.
   at System.Net.HttpWebRequest.GetResponse()
   at System.Net.WebClient.GetWebResponse(WebRequest request)
   at System.Net.WebClient.OpenRead(Uri address)
   at System.Net.WebClient.OpenRead(String address)
   at Janda.CTF.SANS.HolidayHack.S3.Run() in C:\Users\Matt\Source\Repos\Janda\CTFs\Janda.CTF.SANS.HolidayHack\src\December2020\Challenges\Amazon\S3.cs:line 43
2020-12-22 17:46:44.718 +00:00 [FTL] The operation has timed out.
System.Net.WebException: The operation has timed out.
   at System.Net.HttpWebRequest.GetResponse()
   at System.Net.WebClient.GetWebResponse(WebRequest request)
   at System.Net.WebClient.OpenRead(Uri address)
   at System.Net.WebClient.OpenRead(String address)
   at Janda.CTF.SANS.HolidayHack.S3.Run() in C:\Users\Matt\Source\Repos\Janda\CTFs\Janda.CTF.SANS.HolidayHack\src\December2020\Challenges\Amazon\S3.cs:line 43
2020-12-22 17:46:44.828 +00:00 [FTL] The operation has timed out.
System.Net.WebException: The operation has timed out.
   at System.Net.HttpWebRequest.GetResponse()
   at System.Net.WebClient.GetWebResponse(WebRequest request)
   at System.Net.WebClient.OpenRead(Uri address)
   at System.Net.WebClient.OpenRead(String address)
   at Janda.CTF.SANS.HolidayHack.S3.Run() in C:\Users\Matt\Source\Repos\Janda\CTFs\Janda.CTF.SANS.HolidayHack\src\December2020\Challenges\Amazon\S3.cs:line 43
2020-12-22 17:46:44.957 +00:00 [FTL] The operation has timed out.
System.Net.WebException: The operation has timed out.
   at System.Net.HttpWebRequest.GetResponse()
   at System.Net.WebClient.GetWebResponse(WebRequest request)
   at System.Net.WebClient.OpenRead(Uri address)
   at System.Net.WebClient.OpenRead(String address)
   at Janda.CTF.SANS.HolidayHack.S3.Run() in C:\Users\Matt\Source\Repos\Janda\CTFs\Janda.CTF.SANS.HolidayHack\src\December2020\Challenges\Amazon\S3.cs:line 43
2020-12-22 17:46:45.077 +00:00 [FTL] The operation has timed out.
System.Net.WebException: The operation has timed out.
   at System.Net.HttpWebRequest.GetResponse()
   at System.Net.WebClient.GetWebResponse(WebRequest request)
   at System.Net.WebClient.OpenRead(Uri address)
   at System.Net.WebClient.OpenRead(String address)
   at Janda.CTF.SANS.HolidayHack.S3.Run() in C:\Users\Matt\Source\Repos\Janda\CTFs\Janda.CTF.SANS.HolidayHack\src\December2020\Challenges\Amazon\S3.cs:line 43
2020-12-22 17:46:45.208 +00:00 [FTL] The operation has timed out.
System.Net.WebException: The operation has timed out.
   at System.Net.HttpWebRequest.GetResponse()
   at System.Net.WebClient.GetWebResponse(WebRequest request)
   at System.Net.WebClient.OpenRead(Uri address)
   at System.Net.WebClient.OpenRead(String address)
   at Janda.CTF.SANS.HolidayHack.S3.Run() in C:\Users\Matt\Source\Repos\Janda\CTFs\Janda.CTF.SANS.HolidayHack\src\December2020\Challenges\Amazon\S3.cs:line 43
2020-12-22 17:46:45.327 +00:00 [FTL] The operation has timed out.
System.Net.WebException: The operation has timed out.
   at System.Net.HttpWebRequest.GetResponse()
   at System.Net.WebClient.GetWebResponse(WebRequest request)
   at System.Net.WebClient.OpenRead(Uri address)
   at System.Net.WebClient.OpenRead(String address)
   at Janda.CTF.SANS.HolidayHack.S3.Run() in C:\Users\Matt\Source\Repos\Janda\CTFs\Janda.CTF.SANS.HolidayHack\src\December2020\Challenges\Amazon\S3.cs:line 43
2020-12-22 17:46:45.449 +00:00 [FTL] The operation has timed out.
System.Net.WebException: The operation has timed out.
   at System.Net.HttpWebRequest.GetResponse()
   at System.Net.WebClient.GetWebResponse(WebRequest request)
   at System.Net.WebClient.OpenRead(Uri address)
   at System.Net.WebClient.OpenRead(String address)
   at Janda.CTF.SANS.HolidayHack.S3.Run() in C:\Users\Matt\Source\Repos\Janda\CTFs\Janda.CTF.SANS.HolidayHack\src\December2020\Challenges\Amazon\S3.cs:line 43
2020-12-22 17:46:45.578 +00:00 [FTL] The operation has timed out.
System.Net.WebException: The operation has timed out.
   at System.Net.HttpWebRequest.GetResponse()
   at System.Net.WebClient.GetWebResponse(WebRequest request)
   at System.Net.WebClient.OpenRead(Uri address)
   at System.Net.WebClient.OpenRead(String address)
   at Janda.CTF.SANS.HolidayHack.S3.Run() in C:\Users\Matt\Source\Repos\Janda\CTFs\Janda.CTF.SANS.HolidayHack\src\December2020\Challenges\Amazon\S3.cs:line 43
2020-12-22 17:46:45.698 +00:00 [FTL] The operation has timed out.
System.Net.WebException: The operation has timed out.
   at System.Net.HttpWebRequest.GetResponse()
   at System.Net.WebClient.GetWebResponse(WebRequest request)
   at System.Net.WebClient.OpenRead(Uri address)
   at System.Net.WebClient.OpenRead(String address)
   at Janda.CTF.SANS.HolidayHack.S3.Run() in C:\Users\Matt\Source\Repos\Janda\CTFs\Janda.CTF.SANS.HolidayHack\src\December2020\Challenges\Amazon\S3.cs:line 43
2020-12-22 17:46:45.811 +00:00 [FTL] The operation has timed out.
System.Net.WebException: The operation has timed out.
   at System.Net.HttpWebRequest.GetResponse()
   at System.Net.WebClient.GetWebResponse(WebRequest request)
   at System.Net.WebClient.OpenRead(Uri address)
   at System.Net.WebClient.OpenRead(String address)
   at Janda.CTF.SANS.HolidayHack.S3.Run() in C:\Users\Matt\Source\Repos\Janda\CTFs\Janda.CTF.SANS.HolidayHack\src\December2020\Challenges\Amazon\S3.cs:line 43
2020-12-22 17:46:45.931 +00:00 [FTL] The operation has timed out.
System.Net.WebException: The operation has timed out.
   at System.Net.HttpWebRequest.GetResponse()
   at System.Net.WebClient.GetWebResponse(WebRequest request)
   at System.Net.WebClient.OpenRead(Uri address)
   at System.Net.WebClient.OpenRead(String address)
   at Janda.CTF.SANS.HolidayHack.S3.Run() in C:\Users\Matt\Source\Repos\Janda\CTFs\Janda.CTF.SANS.HolidayHack\src\December2020\Challenges\Amazon\S3.cs:line 43
2020-12-22 17:46:46.041 +00:00 [FTL] The operation has timed out.
System.Net.WebException: The operation has timed out.
   at System.Net.HttpWebRequest.GetResponse()
   at System.Net.WebClient.GetWebResponse(WebRequest request)
   at System.Net.WebClient.OpenRead(Uri address)
   at System.Net.WebClient.OpenRead(String address)
   at Janda.CTF.SANS.HolidayHack.S3.Run() in C:\Users\Matt\Source\Repos\Janda\CTFs\Janda.CTF.SANS.HolidayHack\src\December2020\Challenges\Amazon\S3.cs:line 43
2020-12-22 17:46:46.150 +00:00 [FTL] The operation has timed out.
System.Net.WebException: The operation has timed out.
   at System.Net.HttpWebRequest.GetResponse()
   at System.Net.WebClient.GetWebResponse(WebRequest request)
   at System.Net.WebClient.OpenRead(Uri address)
   at System.Net.WebClient.OpenRead(String address)
   at Janda.CTF.SANS.HolidayHack.S3.Run() in C:\Users\Matt\Source\Repos\Janda\CTFs\Janda.CTF.SANS.HolidayHack\src\December2020\Challenges\Amazon\S3.cs:line 43
2020-12-22 17:46:46.259 +00:00 [FTL] The operation has timed out.
System.Net.WebException: The operation has timed out.
   at System.Net.HttpWebRequest.GetResponse()
   at System.Net.WebClient.GetWebResponse(WebRequest request)
   at System.Net.WebClient.OpenRead(Uri address)
   at System.Net.WebClient.OpenRead(String address)
   at Janda.CTF.SANS.HolidayHack.S3.Run() in C:\Users\Matt\Source\Repos\Janda\CTFs\Janda.CTF.SANS.HolidayHack\src\December2020\Challenges\Amazon\S3.cs:line 43
2020-12-22 17:46:46.384 +00:00 [FTL] The operation has timed out.
System.Net.WebException: The operation has timed out.
   at System.Net.HttpWebRequest.GetResponse()
   at System.Net.WebClient.GetWebResponse(WebRequest request)
   at System.Net.WebClient.OpenRead(Uri address)
   at System.Net.WebClient.OpenRead(String address)
   at Janda.CTF.SANS.HolidayHack.S3.Run() in C:\Users\Matt\Source\Repos\Janda\CTFs\Janda.CTF.SANS.HolidayHack\src\December2020\Challenges\Amazon\S3.cs:line 43
2020-12-22 17:46:46.494 +00:00 [FTL] The operation has timed out.
System.Net.WebException: The operation has timed out.
   at System.Net.HttpWebRequest.GetResponse()
   at System.Net.WebClient.GetWebResponse(WebRequest request)
   at System.Net.WebClient.OpenRead(Uri address)
   at System.Net.WebClient.OpenRead(String address)
   at Janda.CTF.SANS.HolidayHack.S3.Run() in C:\Users\Matt\Source\Repos\Janda\CTFs\Janda.CTF.SANS.HolidayHack\src\December2020\Challenges\Amazon\S3.cs:line 43
2020-12-22 17:46:46.603 +00:00 [FTL] The operation has timed out.
System.Net.WebException: The operation has timed out.
   at System.Net.HttpWebRequest.GetResponse()
   at System.Net.WebClient.GetWebResponse(WebRequest request)
   at System.Net.WebClient.OpenRead(Uri address)
   at System.Net.WebClient.OpenRead(String address)
   at Janda.CTF.SANS.HolidayHack.S3.Run() in C:\Users\Matt\Source\Repos\Janda\CTFs\Janda.CTF.SANS.HolidayHack\src\December2020\Challenges\Amazon\S3.cs:line 43
2020-12-22 17:46:46.712 +00:00 [FTL] The operation has timed out.
System.Net.WebException: The operation has timed out.
   at System.Net.HttpWebRequest.GetResponse()
   at System.Net.WebClient.GetWebResponse(WebRequest request)
   at System.Net.WebClient.OpenRead(Uri address)
   at System.Net.WebClient.OpenRead(String address)
   at Janda.CTF.SANS.HolidayHack.S3.Run() in C:\Users\Matt\Source\Repos\Janda\CTFs\Janda.CTF.SANS.HolidayHack\src\December2020\Challenges\Amazon\S3.cs:line 43
2020-12-22 17:46:46.820 +00:00 [FTL] The operation has timed out.
System.Net.WebException: The operation has timed out.
   at System.Net.HttpWebRequest.GetResponse()
   at System.Net.WebClient.GetWebResponse(WebRequest request)
   at System.Net.WebClient.OpenRead(Uri address)
   at System.Net.WebClient.OpenRead(String address)
   at Janda.CTF.SANS.HolidayHack.S3.Run() in C:\Users\Matt\Source\Repos\Janda\CTFs\Janda.CTF.SANS.HolidayHack\src\December2020\Challenges\Amazon\S3.cs:line 43
2020-12-22 17:46:46.929 +00:00 [FTL] The operation has timed out.
System.Net.WebException: The operation has timed out.
   at System.Net.HttpWebRequest.GetResponse()
   at System.Net.WebClient.GetWebResponse(WebRequest request)
   at System.Net.WebClient.OpenRead(Uri address)
   at System.Net.WebClient.OpenRead(String address)
   at Janda.CTF.SANS.HolidayHack.S3.Run() in C:\Users\Matt\Source\Repos\Janda\CTFs\Janda.CTF.SANS.HolidayHack\src\December2020\Challenges\Amazon\S3.cs:line 43
2020-12-22 17:46:47.039 +00:00 [FTL] The operation has timed out.
System.Net.WebException: The operation has timed out.
   at System.Net.HttpWebRequest.GetResponse()
   at System.Net.WebClient.GetWebResponse(WebRequest request)
   at System.Net.WebClient.OpenRead(Uri address)
   at System.Net.WebClient.OpenRead(String address)
   at Janda.CTF.SANS.HolidayHack.S3.Run() in C:\Users\Matt\Source\Repos\Janda\CTFs\Janda.CTF.SANS.HolidayHack\src\December2020\Challenges\Amazon\S3.cs:line 43
2020-12-22 17:46:47.149 +00:00 [FTL] The operation has timed out.
System.Net.WebException: The operation has timed out.
   at System.Net.HttpWebRequest.GetResponse()
   at System.Net.WebClient.GetWebResponse(WebRequest request)
   at System.Net.WebClient.OpenRead(Uri address)
   at System.Net.WebClient.OpenRead(String address)
   at Janda.CTF.SANS.HolidayHack.S3.Run() in C:\Users\Matt\Source\Repos\Janda\CTFs\Janda.CTF.SANS.HolidayHack\src\December2020\Challenges\Amazon\S3.cs:line 43
2020-12-22 17:46:47.272 +00:00 [FTL] The operation has timed out.
System.Net.WebException: The operation has timed out.
   at System.Net.HttpWebRequest.GetResponse()
   at System.Net.WebClient.GetWebResponse(WebRequest request)
   at System.Net.WebClient.OpenRead(Uri address)
   at System.Net.WebClient.OpenRead(String address)
   at Janda.CTF.SANS.HolidayHack.S3.Run() in C:\Users\Matt\Source\Repos\Janda\CTFs\Janda.CTF.SANS.HolidayHack\src\December2020\Challenges\Amazon\S3.cs:line 43
2020-12-22 17:46:47.383 +00:00 [FTL] The operation has timed out.
System.Net.WebException: The operation has timed out.
   at System.Net.HttpWebRequest.GetResponse()
   at System.Net.WebClient.GetWebResponse(WebRequest request)
   at System.Net.WebClient.OpenRead(Uri address)
   at System.Net.WebClient.OpenRead(String address)
   at Janda.CTF.SANS.HolidayHack.S3.Run() in C:\Users\Matt\Source\Repos\Janda\CTFs\Janda.CTF.SANS.HolidayHack\src\December2020\Challenges\Amazon\S3.cs:line 43
2020-12-22 17:46:47.493 +00:00 [FTL] The operation has timed out.
System.Net.WebException: The operation has timed out.
   at System.Net.HttpWebRequest.GetResponse()
   at System.Net.WebClient.GetWebResponse(WebRequest request)
   at System.Net.WebClient.OpenRead(Uri address)
   at System.Net.WebClient.OpenRead(String address)
   at Janda.CTF.SANS.HolidayHack.S3.Run() in C:\Users\Matt\Source\Repos\Janda\CTFs\Janda.CTF.SANS.HolidayHack\src\December2020\Challenges\Amazon\S3.cs:line 43
