2020-12-26 23:06:59.485 +00:00 [VRB] Started SANS Holiday Hack, December 2020
2020-12-26 23:06:59.504 +00:00 [VRB] Using CTF runner 0.1.0-alpha.19
2020-12-26 23:06:59.506 +00:00 [VRB] Running challange ScapyPrepper
2020-12-26 23:06:59.507 +00:00 [INF] yes

                Welcome to the "Present Packet Prepper" interface! The North Pole could use your help preparing pr
                esent packets for shipment.
                Start by running the task.submit() function passing in a string argument of 'start'.
                Type task.help() for help on this question.

            
2020-12-26 23:06:59.508 +00:00 [INF] task.submit('start')

                Welcome to the "Present Packet Prepper" interface! The North Pole could use your help preparing pr
                esent packets for shipment.
                Start by running the task.submit() function passing in a string argument of 'start'.
                Type task.help() for help on this question.

                Correct! adding a () to a function or class will execute it. Ex - FunctionExecuted()

            
2020-12-26 23:06:59.508 +00:00 [INF] task.submit(send)

                Submit the class object of the scapy module that sends packets at layer 3 of the OSI model.
                
                Correct! The "send" scapy class will send a crafted scapy packet out of a network interface.

            
2020-12-26 23:06:59.509 +00:00 [INF] task.submit(sniff)

                Submit the class object of the scapy module that sniffs network packets and returns those packets in a list.
                
                Correct! the "sniff" scapy class will sniff network traffic and return these packets in a list.

            
2020-12-26 23:06:59.509 +00:00 [VRB] Challenge ScapyPrepper completed
